[line:54] - DEBUG: criterion: CrossEntropyLoss
[line:56] - DEBUG: optimizer: RMSprop
[line:120] - DEBUG: 0 train loss: 1.7831073999404907 acc: 0.59375
[line:120] - DEBUG: 0 train loss: 1.5573124885559082 acc: 0.5
[line:120] - DEBUG: 0 train loss: 1.4253184795379639 acc: 0.625
[line:120] - DEBUG: 0 train loss: 1.528415322303772 acc: 0.53125
[line:120] - DEBUG: 0 train loss: 1.6253983974456787 acc: 0.40625
[line:120] - DEBUG: 0 train loss: 1.5413120985031128 acc: 0.5
[line:120] - DEBUG: 0 train loss: 1.3958543539047241 acc: 0.625
[line:120] - DEBUG: 0 train loss: 1.4543131589889526 acc: 0.59375
[line:120] - DEBUG: 0 train loss: 1.3902703523635864 acc: 0.65625
[line:120] - DEBUG: 0 train loss: 1.6206166744232178 acc: 0.4375
[line:120] - DEBUG: 0 train loss: 1.596846103668213 acc: 0.4375
[line:120] - DEBUG: 0 train loss: 1.3098880052566528 acc: 0.75
[line:120] - DEBUG: 0 train loss: 1.424834966659546 acc: 0.625
[line:120] - DEBUG: 0 train loss: 1.5680726766586304 acc: 0.46875
[line:120] - DEBUG: 0 train loss: 1.4841543436050415 acc: 0.5625
[line:120] - DEBUG: 0 train loss: 1.4911959171295166 acc: 0.5625
[line:120] - DEBUG: 0 train loss: 1.544808030128479 acc: 0.5
[line:120] - DEBUG: 0 train loss: 1.4192918539047241 acc: 0.625
[line:120] - DEBUG: 0 train loss: 1.5416836738586426 acc: 0.5
[line:120] - DEBUG: 0 train loss: 1.4489996433258057 acc: 0.59375
[line:120] - DEBUG: 0 train loss: 1.6755051612854004 acc: 0.375
[line:120] - DEBUG: 0 train loss: 1.544219732284546 acc: 0.5
[line:120] - DEBUG: 0 train loss: 1.5126436948776245 acc: 0.53125
[line:120] - DEBUG: 0 train loss: 1.5437564849853516 acc: 0.5
[line:120] - DEBUG: 0 train loss: 1.4515432119369507 acc: 0.59375
[line:120] - DEBUG: 0 train loss: 1.6060261726379395 acc: 0.4375
[line:120] - DEBUG: 0 train loss: 1.6061627864837646 acc: 0.4375
[line:120] - DEBUG: 0 train loss: 1.5435664653778076 acc: 0.5
[line:120] - DEBUG: 0 train loss: 1.606205940246582 acc: 0.4375
[line:120] - DEBUG: 0 train loss: 1.5125049352645874 acc: 0.53125
[line:120] - DEBUG: 0 train loss: 1.54365873336792 acc: 0.5
[line:120] - DEBUG: 0 train loss: 1.543672800064087 acc: 0.5
[line:120] - DEBUG: 0 train loss: 1.5125391483306885 acc: 0.53125
[line:120] - DEBUG: 0 train loss: 1.5124629735946655 acc: 0.53125
[line:120] - DEBUG: 0 train loss: 1.606055736541748 acc: 0.4375
[line:120] - DEBUG: 0 train loss: 1.5433694124221802 acc: 0.5
[line:120] - DEBUG: 0 train loss: 1.4190685749053955 acc: 0.625
[line:120] - DEBUG: 0 train loss: 1.4191021919250488 acc: 0.625
[line:120] - DEBUG: 0 train loss: 1.325355052947998 acc: 0.71875
[line:120] - DEBUG: 0 train loss: 1.605751872062683 acc: 0.4375
[line:120] - DEBUG: 0 train loss: 1.3537083864212036 acc: 0.6875
[line:120] - DEBUG: 0 train loss: 1.4807461500167847 acc: 0.5625
[line:120] - DEBUG: 0 train loss: 1.634262204170227 acc: 0.40625
[line:120] - DEBUG: 0 train loss: 1.604555368423462 acc: 0.4375
[line:120] - DEBUG: 0 train loss: 1.5727801322937012 acc: 0.46875
[line:120] - DEBUG: 0 train loss: 1.4905716180801392 acc: 0.5625
[line:120] - DEBUG: 0 train loss: 1.4812244176864624 acc: 0.5625
[line:120] - DEBUG: 0 train loss: 1.3562959432601929 acc: 0.6875
[line:120] - DEBUG: 0 train loss: 1.4187157154083252 acc: 0.625
[line:120] - DEBUG: 0 train loss: 1.4187226295471191 acc: 0.625
[line:120] - DEBUG: 0 train loss: 1.480899453163147 acc: 0.5625
[line:120] - DEBUG: 0 train loss: 1.5748233795166016 acc: 0.46875
[line:120] - DEBUG: 0 train loss: 1.3876198530197144 acc: 0.65625
[line:120] - DEBUG: 0 train loss: 1.3875514268875122 acc: 0.65625
[line:120] - DEBUG: 0 train loss: 1.293687343597412 acc: 0.75
[line:120] - DEBUG: 0 train loss: 1.5434353351593018 acc: 0.5
[line:120] - DEBUG: 0 train loss: 1.4498060941696167 acc: 0.59375
[line:120] - DEBUG: 0 train loss: 1.543268084526062 acc: 0.5
[line:120] - DEBUG: 0 train loss: 1.4188411235809326 acc: 0.625
[line:120] - DEBUG: 0 train loss: 1.4809815883636475 acc: 0.5625
[line:120] - DEBUG: 0 train loss: 1.543226718902588 acc: 0.5
[line:120] - DEBUG: 0 train loss: 1.5120760202407837 acc: 0.53125
[line:120] - DEBUG: 0 train loss: 1.6060206890106201 acc: 0.4375
[line:120] - DEBUG: 0 train loss: 1.6368383169174194 acc: 0.40625
[line:120] - DEBUG: 0 train loss: 1.3551712036132812 acc: 0.6875
[line:120] - DEBUG: 0 train loss: 1.4809845685958862 acc: 0.5625
[line:120] - DEBUG: 0 train loss: 1.4817752838134766 acc: 0.5625
[line:120] - DEBUG: 0 train loss: 1.4920566082000732 acc: 0.55
[line:127] - DEBUG: train Loss: 1.5040 Acc: 0.5453
[line:120] - DEBUG: 0 val loss: 1.4602800607681274 acc: 0.5833333333333334
[line:120] - DEBUG: 0 val loss: 1.626930832862854 acc: 0.4166666666666667
[line:120] - DEBUG: 0 val loss: 1.3936192989349365 acc: 0.65
[line:120] - DEBUG: 0 val loss: 1.4936097860336304 acc: 0.55
[line:120] - DEBUG: 0 val loss: 1.51027512550354 acc: 0.5333333333333333
[line:120] - DEBUG: 0 val loss: 1.4186190366744995 acc: 0.625
[line:127] - DEBUG: val Loss: 1.4949 Acc: 0.5487
[line:138] - INFO: ./models/pingguo_shufflenetv2201810132145_params.pkl
