[line:56] - DEBUG: criterion: CrossEntropyLoss
[line:58] - DEBUG: optimizer: RMSprop
[line:122] - DEBUG: 0 train loss: 2.9957196712493896 acc: 0.03125
[line:122] - DEBUG: 0 train loss: 2.9678940773010254 acc: 0.15625
[line:122] - DEBUG: 0 train loss: 2.9561209678649902 acc: 0.1875
[line:122] - DEBUG: 0 train loss: 2.8172595500946045 acc: 0.25
[line:122] - DEBUG: 0 train loss: 2.890287160873413 acc: 0.1875
[line:122] - DEBUG: 0 train loss: 2.7833704948425293 acc: 0.3125
[line:122] - DEBUG: 0 train loss: 2.919325828552246 acc: 0.15625
[line:122] - DEBUG: 0 train loss: 2.842733860015869 acc: 0.21875
[line:122] - DEBUG: 0 train loss: 2.8246068954467773 acc: 0.25
[line:122] - DEBUG: 0 train loss: 2.8687644004821777 acc: 0.21875
[line:122] - DEBUG: 0 train loss: 2.8282883167266846 acc: 0.28125
[line:122] - DEBUG: 0 train loss: 2.7790374755859375 acc: 0.3125
[line:122] - DEBUG: 0 train loss: 2.8856115341186523 acc: 0.1875
[line:122] - DEBUG: 0 train loss: 2.8849127292633057 acc: 0.1875
[line:122] - DEBUG: 0 train loss: 2.9052927494049072 acc: 0.15625
[line:122] - DEBUG: 0 train loss: 2.8061106204986572 acc: 0.28125
[line:122] - DEBUG: 0 train loss: 2.828791618347168 acc: 0.25
[line:122] - DEBUG: 0 train loss: 2.8527650833129883 acc: 0.21875
[line:122] - DEBUG: 0 train loss: 2.9624600410461426 acc: 0.09375
[line:122] - DEBUG: 0 train loss: 2.831420421600342 acc: 0.25
[line:122] - DEBUG: 0 train loss: 2.8264782428741455 acc: 0.25
[line:122] - DEBUG: 0 train loss: 2.790297031402588 acc: 0.28125
[line:122] - DEBUG: 0 train loss: 2.7345995903015137 acc: 0.34375
[line:122] - DEBUG: 0 train loss: 2.7362380027770996 acc: 0.34375
[line:122] - DEBUG: 0 train loss: 2.871098041534424 acc: 0.21875
[line:122] - DEBUG: 0 train loss: 2.693420648574829 acc: 0.40625
[line:122] - DEBUG: 0 train loss: 2.761716604232788 acc: 0.3125
[line:122] - DEBUG: 0 train loss: 2.7320992946624756 acc: 0.3125
[line:122] - DEBUG: 0 train loss: 2.7975285053253174 acc: 0.28125
[line:122] - DEBUG: 0 train loss: 2.945966958999634 acc: 0.125
[line:122] - DEBUG: 0 train loss: 2.9447550773620605 acc: 0.125
[line:122] - DEBUG: 0 train loss: 2.704608201980591 acc: 0.375
[line:122] - DEBUG: 0 train loss: 2.7403066158294678 acc: 0.3125
[line:122] - DEBUG: 0 train loss: 2.824007987976074 acc: 0.28125
[line:122] - DEBUG: 0 train loss: 2.810803174972534 acc: 0.25
[line:122] - DEBUG: 0 train loss: 2.7533483505249023 acc: 0.3125
[line:122] - DEBUG: 0 train loss: 2.887572765350342 acc: 0.1875
[line:122] - DEBUG: 0 train loss: 2.88214373588562 acc: 0.1875
[line:122] - DEBUG: 0 train loss: 2.877488136291504 acc: 0.1875
[line:122] - DEBUG: 0 train loss: 2.858428955078125 acc: 0.21875
[line:122] - DEBUG: 0 train loss: 2.7666451930999756 acc: 0.34375
[line:122] - DEBUG: 0 train loss: 2.8583931922912598 acc: 0.21875
[line:122] - DEBUG: 0 train loss: 2.889955520629883 acc: 0.1875
[line:122] - DEBUG: 0 train loss: 2.7407405376434326 acc: 0.3125
[line:122] - DEBUG: 0 train loss: 2.9133479595184326 acc: 0.15625
[line:122] - DEBUG: 0 train loss: 2.8573176860809326 acc: 0.21875
[line:122] - DEBUG: 0 train loss: 2.7065658569335938 acc: 0.375
[line:122] - DEBUG: 0 train loss: 2.8206169605255127 acc: 0.28125
[line:122] - DEBUG: 0 train loss: 2.9153852462768555 acc: 0.15625
[line:122] - DEBUG: 0 train loss: 2.7327024936676025 acc: 0.34375
[line:122] - DEBUG: 0 train loss: 2.679007053375244 acc: 0.40625
[line:122] - DEBUG: 0 train loss: 2.7479686737060547 acc: 0.3125
[line:122] - DEBUG: 0 train loss: 2.8847970962524414 acc: 0.1875
[line:122] - DEBUG: 0 train loss: 2.7300801277160645 acc: 0.34375
[line:122] - DEBUG: 0 train loss: 2.724586009979248 acc: 0.34375
[line:122] - DEBUG: 0 train loss: 2.8407227993011475 acc: 0.21875
[line:122] - DEBUG: 0 train loss: 2.9037904739379883 acc: 0.15625
[line:122] - DEBUG: 0 train loss: 2.777773857116699 acc: 0.28125
[line:122] - DEBUG: 0 train loss: 2.793076992034912 acc: 0.25
[line:122] - DEBUG: 0 train loss: 2.700029134750366 acc: 0.375
[line:122] - DEBUG: 0 train loss: 2.8911633491516113 acc: 0.1875
[line:122] - DEBUG: 0 train loss: 2.7101104259490967 acc: 0.375
[line:122] - DEBUG: 0 train loss: 2.725714921951294 acc: 0.375
[line:122] - DEBUG: 0 train loss: 2.7528231143951416 acc: 0.3125
[line:122] - DEBUG: 0 train loss: 2.633948802947998 acc: 0.46875
[line:122] - DEBUG: 0 train loss: 2.7028863430023193 acc: 0.375
[line:122] - DEBUG: 0 train loss: 2.8578073978424072 acc: 0.21875
[line:122] - DEBUG: 0 train loss: 2.7463319301605225 acc: 0.34375
[line:122] - DEBUG: 0 train loss: 2.8063690662384033 acc: 0.28125
[line:122] - DEBUG: 0 train loss: 2.7750535011291504 acc: 0.28125
[line:122] - DEBUG: 0 train loss: 2.9357075691223145 acc: 0.125
[line:122] - DEBUG: 0 train loss: 2.845869541168213 acc: 0.21875
[line:122] - DEBUG: 0 train loss: 2.752105712890625 acc: 0.3125
[line:122] - DEBUG: 0 train loss: 2.8061110973358154 acc: 0.25
[line:122] - DEBUG: 0 train loss: 2.6910033226013184 acc: 0.40625
[line:122] - DEBUG: 0 train loss: 2.722012519836426 acc: 0.375
[line:122] - DEBUG: 0 train loss: 2.6993093490600586 acc: 0.375
[line:122] - DEBUG: 0 train loss: 2.6951684951782227 acc: 0.375
[line:122] - DEBUG: 0 train loss: 2.753063440322876 acc: 0.3125
[line:122] - DEBUG: 0 train loss: 2.7888073921203613 acc: 0.28125
[line:122] - DEBUG: 0 train loss: 2.757317543029785 acc: 0.34375
[line:122] - DEBUG: 0 train loss: 2.890857458114624 acc: 0.15625
[line:122] - DEBUG: 0 train loss: 2.804255485534668 acc: 0.25
[line:122] - DEBUG: 0 train loss: 2.86397647857666 acc: 0.1875
[line:122] - DEBUG: 0 train loss: 2.8752048015594482 acc: 0.21875
[line:122] - DEBUG: 0 train loss: 2.72611927986145 acc: 0.34375
[line:122] - DEBUG: 0 train loss: 2.7311859130859375 acc: 0.3125
[line:122] - DEBUG: 0 train loss: 2.7656772136688232 acc: 0.3125
[line:122] - DEBUG: 0 train loss: 2.839475393295288 acc: 0.25
[line:122] - DEBUG: 0 train loss: 2.778200387954712 acc: 0.28125
[line:122] - DEBUG: 0 train loss: 2.6450681686401367 acc: 0.4375
[line:122] - DEBUG: 0 train loss: 2.8341257572174072 acc: 0.21875
[line:122] - DEBUG: 0 train loss: 2.7427282333374023 acc: 0.375
[line:122] - DEBUG: 0 train loss: 2.7826309204101562 acc: 0.3125
[line:122] - DEBUG: 0 train loss: 2.8601601123809814 acc: 0.21875
[line:122] - DEBUG: 0 train loss: 2.70916485786438 acc: 0.375
[line:122] - DEBUG: 0 train loss: 2.9098150730133057 acc: 0.15625
[line:122] - DEBUG: 0 train loss: 2.7594494819641113 acc: 0.3125
[line:122] - DEBUG: 0 train loss: 2.9363772869110107 acc: 0.09375
[line:122] - DEBUG: 0 train loss: 2.8085622787475586 acc: 0.25
[line:122] - DEBUG: 0 train loss: 2.803178310394287 acc: 0.28125
[line:122] - DEBUG: 0 train loss: 2.8672780990600586 acc: 0.15625
[line:122] - DEBUG: 0 train loss: 2.692716360092163 acc: 0.34375
[line:122] - DEBUG: 0 train loss: 2.7280850410461426 acc: 0.34375
[line:122] - DEBUG: 0 train loss: 2.779557704925537 acc: 0.3125
[line:122] - DEBUG: 0 train loss: 2.662635326385498 acc: 0.4375
[line:122] - DEBUG: 0 train loss: 2.8052661418914795 acc: 0.28125
[line:122] - DEBUG: 0 train loss: 2.8806910514831543 acc: 0.21875
[line:122] - DEBUG: 0 train loss: 2.757720470428467 acc: 0.3125
[line:122] - DEBUG: 0 train loss: 2.8129446506500244 acc: 0.25
[line:122] - DEBUG: 0 train loss: 2.821424961090088 acc: 0.25
[line:122] - DEBUG: 0 train loss: 2.8585948944091797 acc: 0.1875
[line:122] - DEBUG: 0 train loss: 2.657971143722534 acc: 0.46875
[line:122] - DEBUG: 0 train loss: 2.8879737854003906 acc: 0.1875
[line:122] - DEBUG: 0 train loss: 2.669973850250244 acc: 0.40625
[line:122] - DEBUG: 0 train loss: 2.9362690448760986 acc: 0.15625
[line:122] - DEBUG: 0 train loss: 2.862086057662964 acc: 0.21875
[line:122] - DEBUG: 0 train loss: 2.8849434852600098 acc: 0.1875
[line:122] - DEBUG: 0 train loss: 2.758816719055176 acc: 0.3125
[line:122] - DEBUG: 0 train loss: 2.7013440132141113 acc: 0.375
[line:122] - DEBUG: 0 train loss: 2.7832298278808594 acc: 0.3125
[line:122] - DEBUG: 0 train loss: 2.6659979820251465 acc: 0.40625
[line:122] - DEBUG: 0 train loss: 2.7275261878967285 acc: 0.34375
[line:122] - DEBUG: 0 train loss: 2.5756499767303467 acc: 0.5
[line:122] - DEBUG: 0 train loss: 2.662907600402832 acc: 0.40625
[line:122] - DEBUG: 0 train loss: 2.6572258472442627 acc: 0.4375
[line:122] - DEBUG: 0 train loss: 2.792160987854004 acc: 0.28125
[line:122] - DEBUG: 0 train loss: 2.7066633701324463 acc: 0.375
[line:122] - DEBUG: 0 train loss: 2.830068826675415 acc: 0.21875
[line:122] - DEBUG: 0 train loss: 2.6755807399749756 acc: 0.40625
[line:122] - DEBUG: 0 train loss: 2.6760480403900146 acc: 0.375
[line:122] - DEBUG: 0 train loss: 2.8703787326812744 acc: 0.1875
[line:122] - DEBUG: 0 train loss: 2.7268226146698 acc: 0.34375
[line:122] - DEBUG: 0 train loss: 2.7511770725250244 acc: 0.34375
[line:122] - DEBUG: 0 train loss: 2.824888229370117 acc: 0.25
[line:122] - DEBUG: 0 train loss: 2.774388313293457 acc: 0.28125
[line:122] - DEBUG: 0 train loss: 2.7562367916107178 acc: 0.3125
[line:122] - DEBUG: 0 train loss: 2.741692066192627 acc: 0.34375
[line:122] - DEBUG: 0 train loss: 2.675930976867676 acc: 0.40625
[line:122] - DEBUG: 0 train loss: 2.6699771881103516 acc: 0.40625
[line:122] - DEBUG: 0 train loss: 2.816438913345337 acc: 0.25
[line:122] - DEBUG: 0 train loss: 2.708505392074585 acc: 0.375
[line:122] - DEBUG: 0 train loss: 2.8475804328918457 acc: 0.21875
[line:122] - DEBUG: 0 train loss: 2.826258897781372 acc: 0.25
[line:122] - DEBUG: 0 train loss: 2.8287341594696045 acc: 0.25
[line:122] - DEBUG: 0 train loss: 2.5836684703826904 acc: 0.5
[line:122] - DEBUG: 0 train loss: 2.700198173522949 acc: 0.375
[line:122] - DEBUG: 0 train loss: 2.841876268386841 acc: 0.21875
[line:122] - DEBUG: 0 train loss: 2.6656527519226074 acc: 0.40625
[line:122] - DEBUG: 0 train loss: 2.647606611251831 acc: 0.4375
[line:122] - DEBUG: 0 train loss: 2.7840476036071777 acc: 0.28125
[line:122] - DEBUG: 0 train loss: 2.7202858924865723 acc: 0.34375
[line:122] - DEBUG: 0 train loss: 2.649656057357788 acc: 0.40625
[line:122] - DEBUG: 0 train loss: 2.6595122814178467 acc: 0.4375
[line:122] - DEBUG: 0 train loss: 2.866682291030884 acc: 0.1875
[line:122] - DEBUG: 0 train loss: 2.8877904415130615 acc: 0.1875
[line:122] - DEBUG: 0 train loss: 2.72944712638855 acc: 0.34375
[line:122] - DEBUG: 0 train loss: 2.5594899654388428 acc: 0.53125
[line:122] - DEBUG: 0 train loss: 2.6644458770751953 acc: 0.40625
[line:122] - DEBUG: 0 train loss: 2.7465274333953857 acc: 0.3125
[line:122] - DEBUG: 0 train loss: 2.7020719051361084 acc: 0.40625
[line:122] - DEBUG: 0 train loss: 2.9691951274871826 acc: 0.09375
[line:122] - DEBUG: 0 train loss: 2.6967227458953857 acc: 0.375
[line:122] - DEBUG: 0 train loss: 2.808316946029663 acc: 0.28125
[line:122] - DEBUG: 0 train loss: 2.7563462257385254 acc: 0.34375
[line:122] - DEBUG: 0 train loss: 2.756075382232666 acc: 0.3125
[line:122] - DEBUG: 0 train loss: 2.690721035003662 acc: 0.40625
[line:122] - DEBUG: 0 train loss: 2.8276398181915283 acc: 0.25
[line:122] - DEBUG: 0 train loss: 2.731856346130371 acc: 0.34375
[line:122] - DEBUG: 0 train loss: 2.5205421447753906 acc: 0.5625
[line:122] - DEBUG: 0 train loss: 2.7632644176483154 acc: 0.3125
[line:122] - DEBUG: 0 train loss: 2.8163468837738037 acc: 0.25
[line:122] - DEBUG: 0 train loss: 2.815398693084717 acc: 0.25
[line:122] - DEBUG: 0 train loss: 2.6844370365142822 acc: 0.375
[line:122] - DEBUG: 0 train loss: 2.7884585857391357 acc: 0.28125
[line:122] - DEBUG: 0 train loss: 2.8824942111968994 acc: 0.1875
[line:122] - DEBUG: 0 train loss: 2.7277610301971436 acc: 0.34375
[line:122] - DEBUG: 0 train loss: 2.657510280609131 acc: 0.4375
[line:122] - DEBUG: 0 train loss: 2.781447172164917 acc: 0.28125
[line:122] - DEBUG: 0 train loss: 2.5945026874542236 acc: 0.5
[line:122] - DEBUG: 0 train loss: 2.8109052181243896 acc: 0.25
[line:122] - DEBUG: 0 train loss: 2.628645658493042 acc: 0.4375
[line:122] - DEBUG: 0 train loss: 2.754617214202881 acc: 0.3125
[line:122] - DEBUG: 0 train loss: 2.598430633544922 acc: 0.46875
[line:122] - DEBUG: 0 train loss: 2.7346653938293457 acc: 0.34375
[line:122] - DEBUG: 0 train loss: 2.747877836227417 acc: 0.3125
[line:122] - DEBUG: 0 train loss: 2.6764392852783203 acc: 0.40625
[line:122] - DEBUG: 0 train loss: 2.6030020713806152 acc: 0.4375
[line:122] - DEBUG: 0 train loss: 2.5908665657043457 acc: 0.5625
[line:122] - DEBUG: 0 train loss: 2.7005631923675537 acc: 0.375
[line:122] - DEBUG: 0 train loss: 2.917757987976074 acc: 0.15625
[line:122] - DEBUG: 0 train loss: 2.6417200565338135 acc: 0.46875
[line:122] - DEBUG: 0 train loss: 2.6988742351531982 acc: 0.375
[line:122] - DEBUG: 0 train loss: 2.7072465419769287 acc: 0.375
[line:122] - DEBUG: 0 train loss: 2.704798698425293 acc: 0.375
[line:122] - DEBUG: 0 train loss: 2.636324882507324 acc: 0.4375
[line:122] - DEBUG: 0 train loss: 2.663142681121826 acc: 0.4375
[line:122] - DEBUG: 0 train loss: 2.703901767730713 acc: 0.40625
[line:122] - DEBUG: 0 train loss: 2.6971545219421387 acc: 0.375
[line:122] - DEBUG: 0 train loss: 2.7148072719573975 acc: 0.40625
[line:122] - DEBUG: 0 train loss: 2.7324204444885254 acc: 0.375
[line:122] - DEBUG: 0 train loss: 2.730823040008545 acc: 0.34375
[line:122] - DEBUG: 0 train loss: 2.600738286972046 acc: 0.46875
[line:122] - DEBUG: 0 train loss: 2.553215742111206 acc: 0.53125
[line:122] - DEBUG: 0 train loss: 2.689607620239258 acc: 0.40625
[line:122] - DEBUG: 0 train loss: 2.6833996772766113 acc: 0.40625
[line:122] - DEBUG: 0 train loss: 2.8156790733337402 acc: 0.25
[line:122] - DEBUG: 0 train loss: 2.7448325157165527 acc: 0.34375
[line:122] - DEBUG: 0 train loss: 2.816434383392334 acc: 0.28125
[line:122] - DEBUG: 0 train loss: 2.4325385093688965 acc: 0.6875
[line:122] - DEBUG: 0 train loss: 2.642824411392212 acc: 0.46875
[line:122] - DEBUG: 0 train loss: 2.7456469535827637 acc: 0.34375
[line:122] - DEBUG: 0 train loss: 2.604764699935913 acc: 0.46875
[line:122] - DEBUG: 0 train loss: 2.6719868183135986 acc: 0.375
[line:122] - DEBUG: 0 train loss: 2.723055124282837 acc: 0.34375
[line:122] - DEBUG: 0 train loss: 2.802483081817627 acc: 0.28125
[line:122] - DEBUG: 0 train loss: 2.6996474266052246 acc: 0.375
[line:122] - DEBUG: 0 train loss: 2.7672462463378906 acc: 0.3125
[line:122] - DEBUG: 0 train loss: 2.698213815689087 acc: 0.40625
[line:122] - DEBUG: 0 train loss: 2.605407953262329 acc: 0.46875
[line:122] - DEBUG: 0 train loss: 2.7094507217407227 acc: 0.34375
[line:122] - DEBUG: 0 train loss: 2.8138301372528076 acc: 0.25
[line:122] - DEBUG: 0 train loss: 2.7123708724975586 acc: 0.40625
[line:122] - DEBUG: 0 train loss: 2.79036545753479 acc: 0.28125
[line:122] - DEBUG: 0 train loss: 2.7643556594848633 acc: 0.3125
[line:122] - DEBUG: 0 train loss: 2.726008415222168 acc: 0.34375
[line:122] - DEBUG: 0 train loss: 2.768406867980957 acc: 0.3125
[line:122] - DEBUG: 0 train loss: 2.730429172515869 acc: 0.375
[line:122] - DEBUG: 0 train loss: 2.729815721511841 acc: 0.34375
[line:122] - DEBUG: 0 train loss: 2.615036725997925 acc: 0.46875
[line:122] - DEBUG: 0 train loss: 2.6748898029327393 acc: 0.40625
[line:122] - DEBUG: 0 train loss: 2.644850015640259 acc: 0.46875
[line:122] - DEBUG: 0 train loss: 2.703338861465454 acc: 0.375
[line:122] - DEBUG: 0 train loss: 2.5694026947021484 acc: 0.5
[line:122] - DEBUG: 0 train loss: 2.7835352420806885 acc: 0.28125
[line:122] - DEBUG: 0 train loss: 2.720222234725952 acc: 0.34375
[line:122] - DEBUG: 0 train loss: 2.6053850650787354 acc: 0.46875
[line:122] - DEBUG: 0 train loss: 2.692793607711792 acc: 0.375
[line:122] - DEBUG: 0 train loss: 2.645078182220459 acc: 0.4375
[line:122] - DEBUG: 0 train loss: 2.6704728603363037 acc: 0.40625
[line:122] - DEBUG: 0 train loss: 2.661921739578247 acc: 0.40625
[line:122] - DEBUG: 0 train loss: 2.580005168914795 acc: 0.46875
[line:122] - DEBUG: 0 train loss: 2.6690120697021484 acc: 0.40625
[line:122] - DEBUG: 0 train loss: 2.6438021659851074 acc: 0.4375
[line:122] - DEBUG: 0 train loss: 2.706407070159912 acc: 0.375
[line:122] - DEBUG: 0 train loss: 2.6858417987823486 acc: 0.40625
[line:122] - DEBUG: 0 train loss: 2.6939899921417236 acc: 0.375
[line:122] - DEBUG: 0 train loss: 2.781848192214966 acc: 0.28125
[line:122] - DEBUG: 0 train loss: 2.5922951698303223 acc: 0.46875
[line:122] - DEBUG: 0 train loss: 2.6116676330566406 acc: 0.46875
[line:122] - DEBUG: 0 train loss: 2.5706915855407715 acc: 0.53125
[line:122] - DEBUG: 0 train loss: 2.5991299152374268 acc: 0.46875
[line:122] - DEBUG: 0 train loss: 2.743570327758789 acc: 0.34375
[line:122] - DEBUG: 0 train loss: 2.6778836250305176 acc: 0.40625
[line:122] - DEBUG: 0 train loss: 2.538813352584839 acc: 0.53125
[line:122] - DEBUG: 0 train loss: 2.6836087703704834 acc: 0.40625
[line:122] - DEBUG: 0 train loss: 2.629848003387451 acc: 0.4375
[line:122] - DEBUG: 0 train loss: 2.606687068939209 acc: 0.46875
[line:122] - DEBUG: 0 train loss: 2.698652744293213 acc: 0.375
[line:122] - DEBUG: 0 train loss: 2.611260175704956 acc: 0.46875
[line:122] - DEBUG: 0 train loss: 2.671746253967285 acc: 0.40625
[line:122] - DEBUG: 0 train loss: 2.5422186851501465 acc: 0.5625
[line:122] - DEBUG: 0 train loss: 2.684325695037842 acc: 0.375
[line:122] - DEBUG: 0 train loss: 2.6869893074035645 acc: 0.375
[line:122] - DEBUG: 0 train loss: 2.7653143405914307 acc: 0.3125
[line:122] - DEBUG: 0 train loss: 2.5927090644836426 acc: 0.46875
[line:122] - DEBUG: 0 train loss: 2.8024470806121826 acc: 0.28125
[line:122] - DEBUG: 0 train loss: 2.5575761795043945 acc: 0.53125
[line:122] - DEBUG: 0 train loss: 2.7643935680389404 acc: 0.3125
[line:122] - DEBUG: 0 train loss: 2.762664318084717 acc: 0.3125
[line:122] - DEBUG: 0 train loss: 2.7534399032592773 acc: 0.3125
[line:122] - DEBUG: 0 train loss: 2.5290520191192627 acc: 0.5625
[line:122] - DEBUG: 0 train loss: 2.612274646759033 acc: 0.46875
[line:122] - DEBUG: 0 train loss: 2.5667548179626465 acc: 0.5
[line:122] - DEBUG: 0 train loss: 2.696920871734619 acc: 0.375
[line:122] - DEBUG: 0 train loss: 2.612959384918213 acc: 0.46875
[line:122] - DEBUG: 0 train loss: 2.6735591888427734 acc: 0.4375
[line:122] - DEBUG: 0 train loss: 2.5695648193359375 acc: 0.5
[line:122] - DEBUG: 0 train loss: 2.6057755947113037 acc: 0.46875
[line:122] - DEBUG: 0 train loss: 2.5062434673309326 acc: 0.59375
[line:122] - DEBUG: 0 train loss: 2.7084779739379883 acc: 0.375
[line:122] - DEBUG: 0 train loss: 2.4865241050720215 acc: 0.59375
[line:122] - DEBUG: 0 train loss: 2.574528217315674 acc: 0.5
[line:122] - DEBUG: 0 train loss: 2.530506134033203 acc: 0.5625
[line:122] - DEBUG: 0 train loss: 2.724424123764038 acc: 0.34375
[line:122] - DEBUG: 0 train loss: 2.5877082347869873 acc: 0.46875
[line:122] - DEBUG: 0 train loss: 2.7408792972564697 acc: 0.34375
[line:122] - DEBUG: 0 train loss: 2.640503168106079 acc: 0.4375
[line:122] - DEBUG: 0 train loss: 2.818549633026123 acc: 0.25
[line:122] - DEBUG: 0 train loss: 2.4937751293182373 acc: 0.59375
[line:122] - DEBUG: 0 train loss: 2.503804922103882 acc: 0.5625
[line:122] - DEBUG: 0 train loss: 2.6986961364746094 acc: 0.375
[line:122] - DEBUG: 0 train loss: 2.667692184448242 acc: 0.40625
[line:122] - DEBUG: 0 train loss: 2.661447763442993 acc: 0.40625
[line:122] - DEBUG: 0 train loss: 2.767197370529175 acc: 0.3125
[line:122] - DEBUG: 0 train loss: 2.5367419719696045 acc: 0.5625
[line:122] - DEBUG: 0 train loss: 2.6949915885925293 acc: 0.375
[line:122] - DEBUG: 0 train loss: 2.634554147720337 acc: 0.4375
[line:122] - DEBUG: 0 train loss: 2.6747384071350098 acc: 0.40625
[line:122] - DEBUG: 0 train loss: 2.636762857437134 acc: 0.4375
[line:122] - DEBUG: 0 train loss: 2.743683338165283 acc: 0.3125
[line:122] - DEBUG: 0 train loss: 2.82671856880188 acc: 0.25
[line:122] - DEBUG: 0 train loss: 2.6203885078430176 acc: 0.46875
[line:122] - DEBUG: 0 train loss: 2.462085247039795 acc: 0.625
[line:122] - DEBUG: 0 train loss: 2.6663546562194824 acc: 0.40625
[line:122] - DEBUG: 0 train loss: 2.5490970611572266 acc: 0.53125
[line:122] - DEBUG: 0 train loss: 2.626262903213501 acc: 0.4375
[line:122] - DEBUG: 0 train loss: 2.7890493869781494 acc: 0.28125
[line:122] - DEBUG: 0 train loss: 2.4691624641418457 acc: 0.625
[line:122] - DEBUG: 0 train loss: 2.62269926071167 acc: 0.46875
[line:122] - DEBUG: 0 train loss: 2.6970064640045166 acc: 0.375
[line:122] - DEBUG: 0 train loss: 2.6016879081726074 acc: 0.46875
[line:122] - DEBUG: 0 train loss: 2.715975761413574 acc: 0.34375
[line:122] - DEBUG: 0 train loss: 2.637291193008423 acc: 0.4375
[line:122] - DEBUG: 0 train loss: 2.6418027877807617 acc: 0.46875
[line:122] - DEBUG: 0 train loss: 2.516051769256592 acc: 0.5625
[line:122] - DEBUG: 0 train loss: 2.5812201499938965 acc: 0.46875
[line:122] - DEBUG: 0 train loss: 2.7141926288604736 acc: 0.34375
[line:122] - DEBUG: 0 train loss: 2.550313711166382 acc: 0.53125
[line:122] - DEBUG: 0 train loss: 2.6998038291931152 acc: 0.34375
[line:122] - DEBUG: 0 train loss: 2.7292919158935547 acc: 0.34375
[line:122] - DEBUG: 0 train loss: 2.6483469009399414 acc: 0.40625
[line:122] - DEBUG: 0 train loss: 2.584319829940796 acc: 0.46875
[line:122] - DEBUG: 0 train loss: 2.8576912879943848 acc: 0.21875
[line:122] - DEBUG: 0 train loss: 2.675654411315918 acc: 0.40625
[line:122] - DEBUG: 0 train loss: 2.576242208480835 acc: 0.5
[line:122] - DEBUG: 0 train loss: 2.520651340484619 acc: 0.5625
[line:122] - DEBUG: 0 train loss: 2.676668405532837 acc: 0.40625
[line:122] - DEBUG: 0 train loss: 2.6038475036621094 acc: 0.46875
[line:122] - DEBUG: 0 train loss: 2.6586506366729736 acc: 0.4375
[line:122] - DEBUG: 0 train loss: 2.62007999420166 acc: 0.46875
[line:122] - DEBUG: 0 train loss: 2.6231720447540283 acc: 0.46875
[line:122] - DEBUG: 0 train loss: 2.6885383129119873 acc: 0.375
[line:122] - DEBUG: 0 train loss: 2.639146327972412 acc: 0.4375
[line:122] - DEBUG: 0 train loss: 2.6310617923736572 acc: 0.4375
[line:122] - DEBUG: 0 train loss: 2.5435829162597656 acc: 0.53125
[line:122] - DEBUG: 0 train loss: 2.572625160217285 acc: 0.5
[line:122] - DEBUG: 0 train loss: 2.6135005950927734 acc: 0.46875
[line:122] - DEBUG: 0 train loss: 2.624058723449707 acc: 0.46875
[line:122] - DEBUG: 0 train loss: 2.6041836738586426 acc: 0.46875
[line:122] - DEBUG: 0 train loss: 2.7494924068450928 acc: 0.3125
[line:122] - DEBUG: 0 train loss: 2.6975603103637695 acc: 0.34375
[line:122] - DEBUG: 0 train loss: 2.6613657474517822 acc: 0.40625
[line:122] - DEBUG: 0 train loss: 2.6791293621063232 acc: 0.4375
[line:122] - DEBUG: 0 train loss: 2.7386386394500732 acc: 0.34375
[line:122] - DEBUG: 0 train loss: 2.7898545265197754 acc: 0.28125
[line:122] - DEBUG: 0 train loss: 2.678856611251831 acc: 0.375
[line:122] - DEBUG: 0 train loss: 2.591376543045044 acc: 0.5
[line:122] - DEBUG: 0 train loss: 2.640716552734375 acc: 0.40625
[line:122] - DEBUG: 0 train loss: 2.615907669067383 acc: 0.46875
[line:122] - DEBUG: 0 train loss: 2.723651885986328 acc: 0.34375
[line:122] - DEBUG: 0 train loss: 2.475942850112915 acc: 0.625
[line:122] - DEBUG: 0 train loss: 2.7116568088531494 acc: 0.375
[line:122] - DEBUG: 0 train loss: 2.6811718940734863 acc: 0.40625
[line:122] - DEBUG: 0 train loss: 2.6979222297668457 acc: 0.375
[line:122] - DEBUG: 0 train loss: 2.6489944458007812 acc: 0.4375
[line:122] - DEBUG: 0 train loss: 2.6896865367889404 acc: 0.40625
[line:122] - DEBUG: 0 train loss: 2.5701513290405273 acc: 0.53125
[line:122] - DEBUG: 0 train loss: 2.6803159713745117 acc: 0.40625
[line:122] - DEBUG: 0 train loss: 2.589846134185791 acc: 0.5
[line:122] - DEBUG: 0 train loss: 2.652137517929077 acc: 0.4375
[line:122] - DEBUG: 0 train loss: 2.4794042110443115 acc: 0.59375
[line:122] - DEBUG: 0 train loss: 2.636186122894287 acc: 0.4375
[line:122] - DEBUG: 0 train loss: 2.3736157417297363 acc: 0.71875
[line:122] - DEBUG: 0 train loss: 2.640331983566284 acc: 0.4375
[line:122] - DEBUG: 0 train loss: 2.688167095184326 acc: 0.375
[line:122] - DEBUG: 0 train loss: 2.672194719314575 acc: 0.40625
[line:122] - DEBUG: 0 train loss: 2.761820077896118 acc: 0.34375
[line:122] - DEBUG: 0 train loss: 2.6229288578033447 acc: 0.46875
[line:122] - DEBUG: 0 train loss: 2.864013433456421 acc: 0.21875
[line:122] - DEBUG: 0 train loss: 2.7230024337768555 acc: 0.34375
[line:122] - DEBUG: 0 train loss: 2.626570224761963 acc: 0.46875
[line:122] - DEBUG: 0 train loss: 2.5819461345672607 acc: 0.5
[line:122] - DEBUG: 0 train loss: 2.695859432220459 acc: 0.40625
[line:122] - DEBUG: 0 train loss: 2.645616054534912 acc: 0.4375
[line:122] - DEBUG: 0 train loss: 2.7431063652038574 acc: 0.34375
[line:122] - DEBUG: 0 train loss: 2.6750223636627197 acc: 0.375
[line:122] - DEBUG: 0 train loss: 2.6881816387176514 acc: 0.375
[line:122] - DEBUG: 0 train loss: 2.685988426208496 acc: 0.375
[line:122] - DEBUG: 0 train loss: 2.7445693016052246 acc: 0.34375
[line:122] - DEBUG: 0 train loss: 2.721662998199463 acc: 0.34375
[line:122] - DEBUG: 0 train loss: 2.596956253051758 acc: 0.46875
[line:122] - DEBUG: 0 train loss: 2.7070255279541016 acc: 0.375
[line:122] - DEBUG: 0 train loss: 2.662107467651367 acc: 0.40625
[line:122] - DEBUG: 0 train loss: 2.6789300441741943 acc: 0.41666666666666663
[line:129] - DEBUG: train Loss: 2.7189 Acc: 0.3582
[line:122] - DEBUG: 0 val loss: 2.8129305839538574 acc: 0.26
[line:122] - DEBUG: 0 val loss: 2.760650634765625 acc: 0.32
[line:122] - DEBUG: 0 val loss: 2.753845453262329 acc: 0.33
[line:122] - DEBUG: 0 val loss: 2.768211603164673 acc: 0.33
[line:122] - DEBUG: 0 val loss: 2.796668291091919 acc: 0.29
[line:122] - DEBUG: 0 val loss: 2.716615676879883 acc: 0.36
[line:122] - DEBUG: 0 val loss: 2.792527675628662 acc: 0.28
[line:122] - DEBUG: 0 val loss: 2.8688106536865234 acc: 0.2
[line:122] - DEBUG: 0 val loss: 2.7713873386383057 acc: 0.32
[line:122] - DEBUG: 0 val loss: 2.7567288875579834 acc: 0.32
[line:122] - DEBUG: 0 val loss: 2.6881237030029297 acc: 0.4
[line:122] - DEBUG: 0 val loss: 2.801363945007324 acc: 0.28
[line:122] - DEBUG: 0 val loss: 2.7719359397888184 acc: 0.29
[line:122] - DEBUG: 0 val loss: 2.694892168045044 acc: 0.39
[line:122] - DEBUG: 0 val loss: 2.7905187606811523 acc: 0.29
[line:122] - DEBUG: 0 val loss: 2.6744418144226074 acc: 0.41000000000000003
[line:122] - DEBUG: 0 val loss: 2.697676420211792 acc: 0.4
[line:122] - DEBUG: 0 val loss: 2.6981658935546875 acc: 0.38
[line:122] - DEBUG: 0 val loss: 2.768709421157837 acc: 0.31
[line:122] - DEBUG: 0 val loss: 2.8638362884521484 acc: 0.21
[line:122] - DEBUG: 0 val loss: 2.5868539810180664 acc: 0.5
[line:129] - DEBUG: val Loss: 2.7622 Acc: 0.3187
[line:122] - DEBUG: 1 train loss: 2.573729991912842 acc: 0.53125
[line:122] - DEBUG: 1 train loss: 2.498614549636841 acc: 0.5625
[line:122] - DEBUG: 1 train loss: 2.7273776531219482 acc: 0.34375
[line:122] - DEBUG: 1 train loss: 2.5201661586761475 acc: 0.59375
[line:122] - DEBUG: 1 train loss: 2.732356071472168 acc: 0.375
[line:122] - DEBUG: 1 train loss: 2.7187633514404297 acc: 0.34375
[line:122] - DEBUG: 1 train loss: 2.493800401687622 acc: 0.59375
[line:122] - DEBUG: 1 train loss: 2.645463466644287 acc: 0.4375
[line:122] - DEBUG: 1 train loss: 2.609067916870117 acc: 0.46875
[line:122] - DEBUG: 1 train loss: 2.645554304122925 acc: 0.4375
[line:122] - DEBUG: 1 train loss: 2.570319652557373 acc: 0.5
[line:122] - DEBUG: 1 train loss: 2.6489312648773193 acc: 0.4375
[line:122] - DEBUG: 1 train loss: 2.453871250152588 acc: 0.625
[line:122] - DEBUG: 1 train loss: 2.6001551151275635 acc: 0.46875
[line:122] - DEBUG: 1 train loss: 2.450455665588379 acc: 0.65625
[line:122] - DEBUG: 1 train loss: 2.5166261196136475 acc: 0.5625
[line:122] - DEBUG: 1 train loss: 2.508359909057617 acc: 0.5625
[line:122] - DEBUG: 1 train loss: 2.5930614471435547 acc: 0.46875
[line:122] - DEBUG: 1 train loss: 2.6452155113220215 acc: 0.4375
[line:122] - DEBUG: 1 train loss: 2.653642177581787 acc: 0.4375
[line:122] - DEBUG: 1 train loss: 2.673722505569458 acc: 0.40625
[line:122] - DEBUG: 1 train loss: 2.7738239765167236 acc: 0.3125
[line:122] - DEBUG: 1 train loss: 2.608701229095459 acc: 0.46875
[line:122] - DEBUG: 1 train loss: 2.692688465118408 acc: 0.375
[line:122] - DEBUG: 1 train loss: 2.706096887588501 acc: 0.375
[line:122] - DEBUG: 1 train loss: 2.6456058025360107 acc: 0.4375
[line:122] - DEBUG: 1 train loss: 2.703993558883667 acc: 0.40625
[line:122] - DEBUG: 1 train loss: 2.585280179977417 acc: 0.5
[line:122] - DEBUG: 1 train loss: 2.7150919437408447 acc: 0.375
[line:122] - DEBUG: 1 train loss: 2.5605857372283936 acc: 0.53125
[line:122] - DEBUG: 1 train loss: 2.59383487701416 acc: 0.5
[line:122] - DEBUG: 1 train loss: 2.739112377166748 acc: 0.34375
[line:122] - DEBUG: 1 train loss: 2.53743314743042 acc: 0.53125
[line:122] - DEBUG: 1 train loss: 2.6399917602539062 acc: 0.4375
[line:122] - DEBUG: 1 train loss: 2.643031358718872 acc: 0.4375
[line:122] - DEBUG: 1 train loss: 2.615203619003296 acc: 0.4375
[line:122] - DEBUG: 1 train loss: 2.846784830093384 acc: 0.21875
[line:122] - DEBUG: 1 train loss: 2.4751877784729004 acc: 0.59375
[line:122] - DEBUG: 1 train loss: 2.6018407344818115 acc: 0.46875
[line:122] - DEBUG: 1 train loss: 2.6566731929779053 acc: 0.40625
[line:122] - DEBUG: 1 train loss: 2.5962166786193848 acc: 0.46875
[line:122] - DEBUG: 1 train loss: 2.6115732192993164 acc: 0.46875
[line:122] - DEBUG: 1 train loss: 2.680304765701294 acc: 0.40625
[line:122] - DEBUG: 1 train loss: 2.5363147258758545 acc: 0.5625
[line:122] - DEBUG: 1 train loss: 2.5624501705169678 acc: 0.53125
[line:122] - DEBUG: 1 train loss: 2.585972309112549 acc: 0.5
[line:122] - DEBUG: 1 train loss: 2.4993605613708496 acc: 0.5625
[line:122] - DEBUG: 1 train loss: 2.753614902496338 acc: 0.3125
[line:122] - DEBUG: 1 train loss: 2.7599921226501465 acc: 0.3125
[line:122] - DEBUG: 1 train loss: 2.6173770427703857 acc: 0.46875
[line:122] - DEBUG: 1 train loss: 2.6501619815826416 acc: 0.4375
[line:122] - DEBUG: 1 train loss: 2.794138193130493 acc: 0.28125
[line:122] - DEBUG: 1 train loss: 2.540238857269287 acc: 0.53125
[line:122] - DEBUG: 1 train loss: 2.528852701187134 acc: 0.5625
[line:122] - DEBUG: 1 train loss: 2.6431703567504883 acc: 0.40625
[line:122] - DEBUG: 1 train loss: 2.6371426582336426 acc: 0.4375
[line:122] - DEBUG: 1 train loss: 2.6643617153167725 acc: 0.40625
[line:122] - DEBUG: 1 train loss: 2.7164247035980225 acc: 0.375
[line:122] - DEBUG: 1 train loss: 2.5352513790130615 acc: 0.5625
[line:122] - DEBUG: 1 train loss: 2.5133378505706787 acc: 0.5625
[line:122] - DEBUG: 1 train loss: 2.7152395248413086 acc: 0.34375
[line:122] - DEBUG: 1 train loss: 2.5319931507110596 acc: 0.5625
[line:122] - DEBUG: 1 train loss: 2.583357334136963 acc: 0.53125
[line:122] - DEBUG: 1 train loss: 2.6673107147216797 acc: 0.40625
[line:122] - DEBUG: 1 train loss: 2.633075714111328 acc: 0.4375
[line:122] - DEBUG: 1 train loss: 2.567741632461548 acc: 0.5
[line:122] - DEBUG: 1 train loss: 2.5264225006103516 acc: 0.5625
[line:122] - DEBUG: 1 train loss: 2.7127883434295654 acc: 0.375
[line:122] - DEBUG: 1 train loss: 2.592677593231201 acc: 0.5
[line:122] - DEBUG: 1 train loss: 2.690918445587158 acc: 0.375
[line:122] - DEBUG: 1 train loss: 2.5920674800872803 acc: 0.5
[line:122] - DEBUG: 1 train loss: 2.417616605758667 acc: 0.65625
[line:122] - DEBUG: 1 train loss: 2.545197010040283 acc: 0.5625
[line:122] - DEBUG: 1 train loss: 2.603957414627075 acc: 0.5
[line:122] - DEBUG: 1 train loss: 2.539951801300049 acc: 0.53125
[line:122] - DEBUG: 1 train loss: 2.5899744033813477 acc: 0.5
[line:122] - DEBUG: 1 train loss: 2.594364881515503 acc: 0.5
[line:122] - DEBUG: 1 train loss: 2.376952886581421 acc: 0.71875
[line:122] - DEBUG: 1 train loss: 2.6408188343048096 acc: 0.4375
[line:122] - DEBUG: 1 train loss: 2.6638922691345215 acc: 0.40625
[line:122] - DEBUG: 1 train loss: 2.577265739440918 acc: 0.5
[line:122] - DEBUG: 1 train loss: 2.722789764404297 acc: 0.34375
[line:122] - DEBUG: 1 train loss: 2.638871908187866 acc: 0.46875
[line:122] - DEBUG: 1 train loss: 2.6345646381378174 acc: 0.4375
[line:122] - DEBUG: 1 train loss: 2.6121206283569336 acc: 0.46875
[line:122] - DEBUG: 1 train loss: 2.607802391052246 acc: 0.5
[line:122] - DEBUG: 1 train loss: 2.636831283569336 acc: 0.4375
[line:122] - DEBUG: 1 train loss: 2.6026580333709717 acc: 0.5
[line:122] - DEBUG: 1 train loss: 2.648531436920166 acc: 0.40625
[line:122] - DEBUG: 1 train loss: 2.586770534515381 acc: 0.5
[line:122] - DEBUG: 1 train loss: 2.6032979488372803 acc: 0.5
[line:122] - DEBUG: 1 train loss: 2.7017805576324463 acc: 0.375
[line:122] - DEBUG: 1 train loss: 2.622185468673706 acc: 0.4375
[line:122] - DEBUG: 1 train loss: 2.788144111633301 acc: 0.28125
[line:122] - DEBUG: 1 train loss: 2.595228672027588 acc: 0.5
[line:122] - DEBUG: 1 train loss: 2.611319065093994 acc: 0.46875
[line:122] - DEBUG: 1 train loss: 2.584270477294922 acc: 0.46875
[line:122] - DEBUG: 1 train loss: 2.6030330657958984 acc: 0.4375
[line:122] - DEBUG: 1 train loss: 2.5739712715148926 acc: 0.53125
[line:122] - DEBUG: 1 train loss: 2.5581939220428467 acc: 0.53125
[line:122] - DEBUG: 1 train loss: 2.693089008331299 acc: 0.375
[line:122] - DEBUG: 1 train loss: 2.658386707305908 acc: 0.40625
[line:122] - DEBUG: 1 train loss: 2.4940969944000244 acc: 0.59375
[line:122] - DEBUG: 1 train loss: 2.5007853507995605 acc: 0.59375
[line:122] - DEBUG: 1 train loss: 2.713088035583496 acc: 0.375
[line:122] - DEBUG: 1 train loss: 2.602715253829956 acc: 0.46875
[line:122] - DEBUG: 1 train loss: 2.5544488430023193 acc: 0.53125
[line:122] - DEBUG: 1 train loss: 2.629033327102661 acc: 0.46875
[line:122] - DEBUG: 1 train loss: 2.642977714538574 acc: 0.4375
[line:122] - DEBUG: 1 train loss: 2.6418330669403076 acc: 0.4375
[line:122] - DEBUG: 1 train loss: 2.607715606689453 acc: 0.4375
[line:122] - DEBUG: 1 train loss: 2.637941598892212 acc: 0.4375
[line:122] - DEBUG: 1 train loss: 2.4635705947875977 acc: 0.59375
[line:122] - DEBUG: 1 train loss: 2.5356760025024414 acc: 0.53125
[line:122] - DEBUG: 1 train loss: 2.6525990962982178 acc: 0.4375
[line:122] - DEBUG: 1 train loss: 2.541778564453125 acc: 0.5625
[line:122] - DEBUG: 1 train loss: 2.6243510246276855 acc: 0.4375
[line:122] - DEBUG: 1 train loss: 2.5140538215637207 acc: 0.5625
[line:122] - DEBUG: 1 train loss: 2.566699981689453 acc: 0.5
[line:122] - DEBUG: 1 train loss: 2.4623372554779053 acc: 0.625
[line:122] - DEBUG: 1 train loss: 2.676718235015869 acc: 0.40625
[line:122] - DEBUG: 1 train loss: 2.6091606616973877 acc: 0.46875
[line:122] - DEBUG: 1 train loss: 2.548999547958374 acc: 0.53125
[line:122] - DEBUG: 1 train loss: 2.764187812805176 acc: 0.3125
[line:122] - DEBUG: 1 train loss: 2.7540950775146484 acc: 0.3125
[line:122] - DEBUG: 1 train loss: 2.554581880569458 acc: 0.53125
[line:122] - DEBUG: 1 train loss: 2.604705810546875 acc: 0.46875
[line:122] - DEBUG: 1 train loss: 2.5998244285583496 acc: 0.46875
[line:122] - DEBUG: 1 train loss: 2.740741491317749 acc: 0.34375
[line:122] - DEBUG: 1 train loss: 2.604269027709961 acc: 0.46875
[line:122] - DEBUG: 1 train loss: 2.671405792236328 acc: 0.40625
[line:122] - DEBUG: 1 train loss: 2.5178744792938232 acc: 0.5625
[line:122] - DEBUG: 1 train loss: 2.6348979473114014 acc: 0.46875
[line:122] - DEBUG: 1 train loss: 2.650739908218384 acc: 0.4375
[line:122] - DEBUG: 1 train loss: 2.4790496826171875 acc: 0.59375
[line:122] - DEBUG: 1 train loss: 2.5864028930664062 acc: 0.46875
[line:122] - DEBUG: 1 train loss: 2.660123348236084 acc: 0.40625
[line:122] - DEBUG: 1 train loss: 2.7937726974487305 acc: 0.28125
[line:122] - DEBUG: 1 train loss: 2.6993746757507324 acc: 0.375
[line:122] - DEBUG: 1 train loss: 2.5523242950439453 acc: 0.5
[line:122] - DEBUG: 1 train loss: 2.7213993072509766 acc: 0.34375
[line:122] - DEBUG: 1 train loss: 2.5400607585906982 acc: 0.5625
[line:122] - DEBUG: 1 train loss: 2.6395680904388428 acc: 0.40625
[line:122] - DEBUG: 1 train loss: 2.537137269973755 acc: 0.53125
[line:122] - DEBUG: 1 train loss: 2.737095832824707 acc: 0.34375
[line:122] - DEBUG: 1 train loss: 2.516796588897705 acc: 0.5625
[line:122] - DEBUG: 1 train loss: 2.5247585773468018 acc: 0.53125
[line:122] - DEBUG: 1 train loss: 2.5126657485961914 acc: 0.5625
[line:122] - DEBUG: 1 train loss: 2.580791711807251 acc: 0.5
[line:122] - DEBUG: 1 train loss: 2.636918544769287 acc: 0.4375
[line:122] - DEBUG: 1 train loss: 2.601062297821045 acc: 0.46875
[line:122] - DEBUG: 1 train loss: 2.6082916259765625 acc: 0.46875
[line:122] - DEBUG: 1 train loss: 2.588299036026001 acc: 0.5
[line:122] - DEBUG: 1 train loss: 2.6894407272338867 acc: 0.375
[line:122] - DEBUG: 1 train loss: 2.656214714050293 acc: 0.40625
[line:122] - DEBUG: 1 train loss: 2.5385584831237793 acc: 0.53125
[line:122] - DEBUG: 1 train loss: 2.6232028007507324 acc: 0.4375
[line:122] - DEBUG: 1 train loss: 2.6402511596679688 acc: 0.4375
[line:122] - DEBUG: 1 train loss: 2.757185220718384 acc: 0.3125
[line:122] - DEBUG: 1 train loss: 2.7766470909118652 acc: 0.3125
[line:122] - DEBUG: 1 train loss: 2.7530627250671387 acc: 0.375
[line:122] - DEBUG: 1 train loss: 2.6541385650634766 acc: 0.46875
[line:122] - DEBUG: 1 train loss: 2.6693193912506104 acc: 0.40625
[line:122] - DEBUG: 1 train loss: 2.4295315742492676 acc: 0.65625
[line:122] - DEBUG: 1 train loss: 2.6733906269073486 acc: 0.4375
[line:122] - DEBUG: 1 train loss: 2.6072425842285156 acc: 0.46875
[line:122] - DEBUG: 1 train loss: 2.564063310623169 acc: 0.5
[line:122] - DEBUG: 1 train loss: 2.5899784564971924 acc: 0.5
[line:122] - DEBUG: 1 train loss: 2.632591485977173 acc: 0.46875
[line:122] - DEBUG: 1 train loss: 2.5374035835266113 acc: 0.53125
[line:122] - DEBUG: 1 train loss: 2.631312131881714 acc: 0.4375
[line:122] - DEBUG: 1 train loss: 2.603145122528076 acc: 0.46875
[line:122] - DEBUG: 1 train loss: 2.571031332015991 acc: 0.53125
[line:122] - DEBUG: 1 train loss: 2.583953380584717 acc: 0.5
[line:122] - DEBUG: 1 train loss: 2.571176767349243 acc: 0.5
[line:122] - DEBUG: 1 train loss: 2.527878761291504 acc: 0.5625
[line:122] - DEBUG: 1 train loss: 2.644238233566284 acc: 0.40625
[line:122] - DEBUG: 1 train loss: 2.5701496601104736 acc: 0.53125
[line:122] - DEBUG: 1 train loss: 2.7021758556365967 acc: 0.375
[line:122] - DEBUG: 1 train loss: 2.577773094177246 acc: 0.53125
[line:122] - DEBUG: 1 train loss: 2.6077957153320312 acc: 0.46875
[line:122] - DEBUG: 1 train loss: 2.484684944152832 acc: 0.59375
[line:122] - DEBUG: 1 train loss: 2.548517942428589 acc: 0.5
[line:122] - DEBUG: 1 train loss: 2.622229814529419 acc: 0.4375
[line:122] - DEBUG: 1 train loss: 2.579958438873291 acc: 0.46875
[line:122] - DEBUG: 1 train loss: 2.5725150108337402 acc: 0.53125
[line:122] - DEBUG: 1 train loss: 2.551687717437744 acc: 0.5
[line:122] - DEBUG: 1 train loss: 2.522073745727539 acc: 0.5625
[line:122] - DEBUG: 1 train loss: 2.408158302307129 acc: 0.65625
[line:122] - DEBUG: 1 train loss: 2.509636878967285 acc: 0.5625
[line:122] - DEBUG: 1 train loss: 2.6141743659973145 acc: 0.46875
[line:122] - DEBUG: 1 train loss: 2.718576192855835 acc: 0.375
[line:122] - DEBUG: 1 train loss: 2.4599344730377197 acc: 0.625
[line:122] - DEBUG: 1 train loss: 2.7385919094085693 acc: 0.3125
[line:122] - DEBUG: 1 train loss: 2.624469041824341 acc: 0.46875
[line:122] - DEBUG: 1 train loss: 2.541455030441284 acc: 0.5625
[line:122] - DEBUG: 1 train loss: 2.661872386932373 acc: 0.40625
[line:122] - DEBUG: 1 train loss: 2.5230958461761475 acc: 0.5625
[line:122] - DEBUG: 1 train loss: 2.61856746673584 acc: 0.4375
[line:122] - DEBUG: 1 train loss: 2.5797340869903564 acc: 0.5
[line:122] - DEBUG: 1 train loss: 2.5566301345825195 acc: 0.53125
[line:122] - DEBUG: 1 train loss: 2.6772513389587402 acc: 0.40625
[line:122] - DEBUG: 1 train loss: 2.5106701850891113 acc: 0.5625
[line:122] - DEBUG: 1 train loss: 2.458336114883423 acc: 0.625
[line:122] - DEBUG: 1 train loss: 2.6303398609161377 acc: 0.4375
[line:122] - DEBUG: 1 train loss: 2.8152201175689697 acc: 0.25
[line:122] - DEBUG: 1 train loss: 2.705275297164917 acc: 0.34375
[line:122] - DEBUG: 1 train loss: 2.574598789215088 acc: 0.5
[line:122] - DEBUG: 1 train loss: 2.5901176929473877 acc: 0.5
[line:122] - DEBUG: 1 train loss: 2.6301395893096924 acc: 0.5
[line:122] - DEBUG: 1 train loss: 2.7151732444763184 acc: 0.34375
[line:122] - DEBUG: 1 train loss: 2.6604363918304443 acc: 0.40625
[line:122] - DEBUG: 1 train loss: 2.6074118614196777 acc: 0.46875
[line:122] - DEBUG: 1 train loss: 2.5709075927734375 acc: 0.5
[line:122] - DEBUG: 1 train loss: 2.380547523498535 acc: 0.71875
[line:122] - DEBUG: 1 train loss: 2.694416046142578 acc: 0.375
[line:122] - DEBUG: 1 train loss: 2.5376574993133545 acc: 0.5625
[line:122] - DEBUG: 1 train loss: 2.5738272666931152 acc: 0.5
[line:122] - DEBUG: 1 train loss: 2.6365811824798584 acc: 0.4375
[line:122] - DEBUG: 1 train loss: 2.6040518283843994 acc: 0.46875
[line:122] - DEBUG: 1 train loss: 2.5845651626586914 acc: 0.5
[line:122] - DEBUG: 1 train loss: 2.505011558532715 acc: 0.59375
[line:122] - DEBUG: 1 train loss: 2.5313782691955566 acc: 0.5625
[line:122] - DEBUG: 1 train loss: 2.5712716579437256 acc: 0.53125
[line:122] - DEBUG: 1 train loss: 2.5217554569244385 acc: 0.53125
[line:122] - DEBUG: 1 train loss: 2.5435566902160645 acc: 0.5625
[line:122] - DEBUG: 1 train loss: 2.627035140991211 acc: 0.4375
[line:122] - DEBUG: 1 train loss: 2.754601001739502 acc: 0.3125
[line:122] - DEBUG: 1 train loss: 2.5431582927703857 acc: 0.53125
[line:122] - DEBUG: 1 train loss: 2.4324560165405273 acc: 0.625
[line:122] - DEBUG: 1 train loss: 2.5695765018463135 acc: 0.53125
[line:122] - DEBUG: 1 train loss: 2.733969211578369 acc: 0.34375
[line:122] - DEBUG: 1 train loss: 2.516129970550537 acc: 0.5625
[line:122] - DEBUG: 1 train loss: 2.585730791091919 acc: 0.46875
[line:122] - DEBUG: 1 train loss: 2.6593589782714844 acc: 0.46875
[line:122] - DEBUG: 1 train loss: 2.720010280609131 acc: 0.34375
[line:122] - DEBUG: 1 train loss: 2.6038503646850586 acc: 0.5
[line:122] - DEBUG: 1 train loss: 2.560633897781372 acc: 0.5
[line:122] - DEBUG: 1 train loss: 2.6792118549346924 acc: 0.375
[line:122] - DEBUG: 1 train loss: 2.5234997272491455 acc: 0.5625
[line:122] - DEBUG: 1 train loss: 2.6011879444122314 acc: 0.46875
[line:122] - DEBUG: 1 train loss: 2.789691209793091 acc: 0.28125
[line:122] - DEBUG: 1 train loss: 2.5239431858062744 acc: 0.5625
[line:122] - DEBUG: 1 train loss: 2.7532310485839844 acc: 0.3125
[line:122] - DEBUG: 1 train loss: 2.566279888153076 acc: 0.5
[line:122] - DEBUG: 1 train loss: 2.6729040145874023 acc: 0.40625
[line:122] - DEBUG: 1 train loss: 2.6876299381256104 acc: 0.375
[line:122] - DEBUG: 1 train loss: 2.608225107192993 acc: 0.46875
[line:122] - DEBUG: 1 train loss: 2.5823826789855957 acc: 0.46875
[line:122] - DEBUG: 1 train loss: 2.567631959915161 acc: 0.5
[line:122] - DEBUG: 1 train loss: 2.427257776260376 acc: 0.6875
[line:122] - DEBUG: 1 train loss: 2.630552291870117 acc: 0.4375
[line:122] - DEBUG: 1 train loss: 2.524488925933838 acc: 0.5625
[line:122] - DEBUG: 1 train loss: 2.6704564094543457 acc: 0.375
[line:122] - DEBUG: 1 train loss: 2.611506462097168 acc: 0.46875
[line:122] - DEBUG: 1 train loss: 2.628053665161133 acc: 0.4375
[line:122] - DEBUG: 1 train loss: 2.622641086578369 acc: 0.46875
[line:122] - DEBUG: 1 train loss: 2.518003463745117 acc: 0.59375
[line:122] - DEBUG: 1 train loss: 2.7823026180267334 acc: 0.3125
[line:122] - DEBUG: 1 train loss: 2.548593759536743 acc: 0.5625
[line:122] - DEBUG: 1 train loss: 2.6505086421966553 acc: 0.40625
[line:122] - DEBUG: 1 train loss: 2.635148048400879 acc: 0.4375
[line:122] - DEBUG: 1 train loss: 2.6390950679779053 acc: 0.4375
[line:122] - DEBUG: 1 train loss: 2.5690951347351074 acc: 0.5
[line:122] - DEBUG: 1 train loss: 2.5718801021575928 acc: 0.5
[line:122] - DEBUG: 1 train loss: 2.5420360565185547 acc: 0.5625
[line:122] - DEBUG: 1 train loss: 2.7556657791137695 acc: 0.3125
[line:122] - DEBUG: 1 train loss: 2.7226009368896484 acc: 0.375
[line:122] - DEBUG: 1 train loss: 2.765078544616699 acc: 0.28125
[line:122] - DEBUG: 1 train loss: 2.5273122787475586 acc: 0.5625
[line:122] - DEBUG: 1 train loss: 2.5899641513824463 acc: 0.5
[line:122] - DEBUG: 1 train loss: 2.5552597045898438 acc: 0.53125
[line:122] - DEBUG: 1 train loss: 2.6939427852630615 acc: 0.375
[line:122] - DEBUG: 1 train loss: 2.718862533569336 acc: 0.34375
[line:122] - DEBUG: 1 train loss: 2.5891451835632324 acc: 0.5
[line:122] - DEBUG: 1 train loss: 2.4872543811798096 acc: 0.625
[line:122] - DEBUG: 1 train loss: 2.6878743171691895 acc: 0.4375
[line:122] - DEBUG: 1 train loss: 2.6786091327667236 acc: 0.40625
[line:122] - DEBUG: 1 train loss: 2.542329788208008 acc: 0.5
[line:122] - DEBUG: 1 train loss: 2.5833826065063477 acc: 0.46875
[line:122] - DEBUG: 1 train loss: 2.588028907775879 acc: 0.5
[line:122] - DEBUG: 1 train loss: 2.6628470420837402 acc: 0.40625
[line:122] - DEBUG: 1 train loss: 2.7050700187683105 acc: 0.375
[line:122] - DEBUG: 1 train loss: 2.777177333831787 acc: 0.3125
[line:122] - DEBUG: 1 train loss: 2.4609756469726562 acc: 0.625
[line:122] - DEBUG: 1 train loss: 2.5877017974853516 acc: 0.5
[line:122] - DEBUG: 1 train loss: 2.6747148036956787 acc: 0.40625
[line:122] - DEBUG: 1 train loss: 2.511662006378174 acc: 0.5625
[line:122] - DEBUG: 1 train loss: 2.7100510597229004 acc: 0.375
[line:122] - DEBUG: 1 train loss: 2.4472553730010986 acc: 0.625
[line:122] - DEBUG: 1 train loss: 2.599243640899658 acc: 0.46875
[line:122] - DEBUG: 1 train loss: 2.6099605560302734 acc: 0.46875
[line:122] - DEBUG: 1 train loss: 2.651376962661743 acc: 0.4375
[line:122] - DEBUG: 1 train loss: 2.552889347076416 acc: 0.53125
[line:122] - DEBUG: 1 train loss: 2.4496073722839355 acc: 0.625
[line:122] - DEBUG: 1 train loss: 2.5946543216705322 acc: 0.5
[line:122] - DEBUG: 1 train loss: 2.5973060131073 acc: 0.46875
[line:122] - DEBUG: 1 train loss: 2.5009970664978027 acc: 0.5625
[line:122] - DEBUG: 1 train loss: 2.5412192344665527 acc: 0.53125
[line:122] - DEBUG: 1 train loss: 2.598548412322998 acc: 0.5
[line:122] - DEBUG: 1 train loss: 2.5917787551879883 acc: 0.46875
[line:122] - DEBUG: 1 train loss: 2.4854633808135986 acc: 0.625
[line:122] - DEBUG: 1 train loss: 2.5987467765808105 acc: 0.46875
[line:122] - DEBUG: 1 train loss: 2.5347659587860107 acc: 0.53125
[line:122] - DEBUG: 1 train loss: 2.5937914848327637 acc: 0.5
[line:122] - DEBUG: 1 train loss: 2.5596539974212646 acc: 0.53125
[line:122] - DEBUG: 1 train loss: 2.445354461669922 acc: 0.65625
[line:122] - DEBUG: 1 train loss: 2.581850051879883 acc: 0.5
[line:122] - DEBUG: 1 train loss: 2.76702618598938 acc: 0.3125
[line:122] - DEBUG: 1 train loss: 2.5896711349487305 acc: 0.5
[line:122] - DEBUG: 1 train loss: 2.6651663780212402 acc: 0.4375
[line:122] - DEBUG: 1 train loss: 2.6314568519592285 acc: 0.4375
[line:122] - DEBUG: 1 train loss: 2.6049742698669434 acc: 0.46875
[line:122] - DEBUG: 1 train loss: 2.5503618717193604 acc: 0.53125
[line:122] - DEBUG: 1 train loss: 2.690586805343628 acc: 0.375
[line:122] - DEBUG: 1 train loss: 2.421440362930298 acc: 0.625
[line:122] - DEBUG: 1 train loss: 2.68397855758667 acc: 0.375
[line:122] - DEBUG: 1 train loss: 2.593693971633911 acc: 0.5
[line:122] - DEBUG: 1 train loss: 2.5168683528900146 acc: 0.5625
[line:122] - DEBUG: 1 train loss: 2.4611780643463135 acc: 0.625
[line:122] - DEBUG: 1 train loss: 2.6175427436828613 acc: 0.46875
[line:122] - DEBUG: 1 train loss: 2.6608352661132812 acc: 0.40625
[line:122] - DEBUG: 1 train loss: 2.511136293411255 acc: 0.5625
[line:122] - DEBUG: 1 train loss: 2.5358994007110596 acc: 0.5625
[line:122] - DEBUG: 1 train loss: 2.589107036590576 acc: 0.46875
[line:122] - DEBUG: 1 train loss: 2.563427448272705 acc: 0.53125
[line:122] - DEBUG: 1 train loss: 2.539600133895874 acc: 0.53125
[line:122] - DEBUG: 1 train loss: 2.4928057193756104 acc: 0.59375
[line:122] - DEBUG: 1 train loss: 2.362398862838745 acc: 0.75
[line:122] - DEBUG: 1 train loss: 2.645897626876831 acc: 0.4375
[line:122] - DEBUG: 1 train loss: 2.4707987308502197 acc: 0.59375
[line:122] - DEBUG: 1 train loss: 2.4729061126708984 acc: 0.625
[line:122] - DEBUG: 1 train loss: 2.619122266769409 acc: 0.4375
[line:122] - DEBUG: 1 train loss: 2.601844310760498 acc: 0.46875
[line:122] - DEBUG: 1 train loss: 2.573167562484741 acc: 0.5
[line:122] - DEBUG: 1 train loss: 2.5647361278533936 acc: 0.53125
[line:122] - DEBUG: 1 train loss: 2.6562588214874268 acc: 0.40625
[line:122] - DEBUG: 1 train loss: 2.6261041164398193 acc: 0.4375
[line:122] - DEBUG: 1 train loss: 2.658003330230713 acc: 0.4375
[line:122] - DEBUG: 1 train loss: 2.5687527656555176 acc: 0.46875
[line:122] - DEBUG: 1 train loss: 2.5545644760131836 acc: 0.53125
[line:122] - DEBUG: 1 train loss: 2.6200406551361084 acc: 0.46875
[line:122] - DEBUG: 1 train loss: 2.547757148742676 acc: 0.53125
[line:122] - DEBUG: 1 train loss: 2.5123515129089355 acc: 0.5625
[line:122] - DEBUG: 1 train loss: 2.5023446083068848 acc: 0.59375
[line:122] - DEBUG: 1 train loss: 2.605062484741211 acc: 0.5
[line:122] - DEBUG: 1 train loss: 2.787264585494995 acc: 0.28125
[line:122] - DEBUG: 1 train loss: 2.628694534301758 acc: 0.40625
[line:122] - DEBUG: 1 train loss: 2.6190195083618164 acc: 0.46875
[line:122] - DEBUG: 1 train loss: 2.506627321243286 acc: 0.5625
[line:122] - DEBUG: 1 train loss: 2.5878090858459473 acc: 0.46875
[line:122] - DEBUG: 1 train loss: 2.607394218444824 acc: 0.46875
[line:122] - DEBUG: 1 train loss: 2.6714026927948 acc: 0.40625
[line:122] - DEBUG: 1 train loss: 2.601442575454712 acc: 0.5
[line:122] - DEBUG: 1 train loss: 2.4517648220062256 acc: 0.625
[line:122] - DEBUG: 1 train loss: 2.545900583267212 acc: 0.53125
[line:122] - DEBUG: 1 train loss: 2.470064878463745 acc: 0.625
[line:122] - DEBUG: 1 train loss: 2.466775894165039 acc: 0.59375
[line:122] - DEBUG: 1 train loss: 2.6802682876586914 acc: 0.375
[line:122] - DEBUG: 1 train loss: 2.662487745285034 acc: 0.40625
[line:122] - DEBUG: 1 train loss: 2.556748867034912 acc: 0.53125
[line:122] - DEBUG: 1 train loss: 2.5800368785858154 acc: 0.5
[line:122] - DEBUG: 1 train loss: 2.556800127029419 acc: 0.5
[line:122] - DEBUG: 1 train loss: 2.6241555213928223 acc: 0.46875
[line:122] - DEBUG: 1 train loss: 2.436330795288086 acc: 0.65625
[line:122] - DEBUG: 1 train loss: 2.5132217407226562 acc: 0.5625
[line:122] - DEBUG: 1 train loss: 2.450770616531372 acc: 0.65625
[line:122] - DEBUG: 1 train loss: 2.6245110034942627 acc: 0.46875
[line:122] - DEBUG: 1 train loss: 2.525527238845825 acc: 0.5625
[line:122] - DEBUG: 1 train loss: 2.6862411499023438 acc: 0.375
[line:122] - DEBUG: 1 train loss: 2.6133666038513184 acc: 0.46875
[line:122] - DEBUG: 1 train loss: 2.622570276260376 acc: 0.4375
[line:122] - DEBUG: 1 train loss: 2.5232949256896973 acc: 0.53125
[line:122] - DEBUG: 1 train loss: 2.581976890563965 acc: 0.5
[line:122] - DEBUG: 1 train loss: 2.615675687789917 acc: 0.5
[line:122] - DEBUG: 1 train loss: 2.7043044567108154 acc: 0.375
[line:122] - DEBUG: 1 train loss: 2.6437695026397705 acc: 0.4375
[line:122] - DEBUG: 1 train loss: 2.603672742843628 acc: 0.5
[line:122] - DEBUG: 1 train loss: 2.7172255516052246 acc: 0.375
[line:122] - DEBUG: 1 train loss: 2.6669509410858154 acc: 0.4375
[line:122] - DEBUG: 1 train loss: 2.6046319007873535 acc: 0.46875
[line:122] - DEBUG: 1 train loss: 2.615938186645508 acc: 0.5
[line:122] - DEBUG: 1 train loss: 2.4215755462646484 acc: 0.65625
[line:122] - DEBUG: 1 train loss: 2.5241787433624268 acc: 0.5625
[line:122] - DEBUG: 1 train loss: 2.39331316947937 acc: 0.6666666666666666
[line:129] - DEBUG: train Loss: 2.6013 Acc: 0.4781
[line:122] - DEBUG: 1 val loss: 2.692911148071289 acc: 0.38
[line:122] - DEBUG: 1 val loss: 2.634049654006958 acc: 0.45
[line:122] - DEBUG: 1 val loss: 2.6151206493377686 acc: 0.47000000000000003
[line:122] - DEBUG: 1 val loss: 2.755699396133423 acc: 0.34
[line:122] - DEBUG: 1 val loss: 2.61283802986145 acc: 0.47000000000000003
[line:122] - DEBUG: 1 val loss: 2.692812919616699 acc: 0.4
[line:122] - DEBUG: 1 val loss: 2.6283559799194336 acc: 0.44
[line:122] - DEBUG: 1 val loss: 2.647928237915039 acc: 0.44
[line:122] - DEBUG: 1 val loss: 2.6695902347564697 acc: 0.41000000000000003
[line:122] - DEBUG: 1 val loss: 2.599118709564209 acc: 0.49
[line:122] - DEBUG: 1 val loss: 2.683492660522461 acc: 0.43
[line:122] - DEBUG: 1 val loss: 2.730888605117798 acc: 0.36
[line:122] - DEBUG: 1 val loss: 2.678391218185425 acc: 0.4
[line:122] - DEBUG: 1 val loss: 2.6825361251831055 acc: 0.38
[line:122] - DEBUG: 1 val loss: 2.6524362564086914 acc: 0.43
[line:122] - DEBUG: 1 val loss: 2.658163547515869 acc: 0.42
[line:122] - DEBUG: 1 val loss: 2.7218048572540283 acc: 0.34
[line:122] - DEBUG: 1 val loss: 2.705528497695923 acc: 0.38
[line:122] - DEBUG: 1 val loss: 2.6250760555267334 acc: 0.46
[line:122] - DEBUG: 1 val loss: 2.625882625579834 acc: 0.47000000000000003
[line:122] - DEBUG: 1 val loss: 2.794553279876709 acc: 0.5
[line:129] - DEBUG: val Loss: 2.6658 Acc: 0.4181
[line:122] - DEBUG: 2 train loss: 2.528820037841797 acc: 0.53125
[line:122] - DEBUG: 2 train loss: 2.5346250534057617 acc: 0.53125
[line:122] - DEBUG: 2 train loss: 2.5967533588409424 acc: 0.5
[line:122] - DEBUG: 2 train loss: 2.504244089126587 acc: 0.5625
[line:122] - DEBUG: 2 train loss: 2.519002676010132 acc: 0.5625
[line:122] - DEBUG: 2 train loss: 2.619872570037842 acc: 0.5
[line:122] - DEBUG: 2 train loss: 2.638561487197876 acc: 0.40625
[line:122] - DEBUG: 2 train loss: 2.694993257522583 acc: 0.34375
[line:122] - DEBUG: 2 train loss: 2.5782270431518555 acc: 0.5
[line:122] - DEBUG: 2 train loss: 2.669149160385132 acc: 0.40625
[line:122] - DEBUG: 2 train loss: 2.6156811714172363 acc: 0.46875
[line:122] - DEBUG: 2 train loss: 2.643113613128662 acc: 0.4375
[line:122] - DEBUG: 2 train loss: 2.5529375076293945 acc: 0.53125
[line:122] - DEBUG: 2 train loss: 2.4682183265686035 acc: 0.625
[line:122] - DEBUG: 2 train loss: 2.5044283866882324 acc: 0.5625
[line:122] - DEBUG: 2 train loss: 2.554215908050537 acc: 0.53125
[line:122] - DEBUG: 2 train loss: 2.6622931957244873 acc: 0.40625
[line:122] - DEBUG: 2 train loss: 2.57334566116333 acc: 0.5
[line:122] - DEBUG: 2 train loss: 2.5280070304870605 acc: 0.53125
[line:122] - DEBUG: 2 train loss: 2.515939235687256 acc: 0.5625
[line:122] - DEBUG: 2 train loss: 2.680961847305298 acc: 0.40625
[line:122] - DEBUG: 2 train loss: 2.5352606773376465 acc: 0.53125
[line:122] - DEBUG: 2 train loss: 2.609619617462158 acc: 0.5
[line:122] - DEBUG: 2 train loss: 2.534048080444336 acc: 0.53125
[line:122] - DEBUG: 2 train loss: 2.629538059234619 acc: 0.46875
[line:122] - DEBUG: 2 train loss: 2.6400880813598633 acc: 0.4375
[line:122] - DEBUG: 2 train loss: 2.492799758911133 acc: 0.59375
[line:122] - DEBUG: 2 train loss: 2.592379093170166 acc: 0.5
[line:122] - DEBUG: 2 train loss: 2.495062828063965 acc: 0.59375
[line:122] - DEBUG: 2 train loss: 2.65041184425354 acc: 0.40625
[line:122] - DEBUG: 2 train loss: 2.4359614849090576 acc: 0.65625
[line:122] - DEBUG: 2 train loss: 2.5482444763183594 acc: 0.53125
[line:122] - DEBUG: 2 train loss: 2.549952268600464 acc: 0.53125
[line:122] - DEBUG: 2 train loss: 2.3103652000427246 acc: 0.78125
[line:122] - DEBUG: 2 train loss: 2.7240843772888184 acc: 0.34375
[line:122] - DEBUG: 2 train loss: 2.5293169021606445 acc: 0.53125
[line:122] - DEBUG: 2 train loss: 2.589082956314087 acc: 0.5
[line:122] - DEBUG: 2 train loss: 2.6354403495788574 acc: 0.4375
[line:122] - DEBUG: 2 train loss: 2.485443592071533 acc: 0.59375
[line:122] - DEBUG: 2 train loss: 2.568087339401245 acc: 0.5
[line:122] - DEBUG: 2 train loss: 2.494952917098999 acc: 0.625
[line:122] - DEBUG: 2 train loss: 2.570014476776123 acc: 0.5
[line:122] - DEBUG: 2 train loss: 2.6977922916412354 acc: 0.375
[line:122] - DEBUG: 2 train loss: 2.616365671157837 acc: 0.46875
[line:122] - DEBUG: 2 train loss: 2.6533424854278564 acc: 0.40625
[line:122] - DEBUG: 2 train loss: 2.5906496047973633 acc: 0.5
[line:122] - DEBUG: 2 train loss: 2.594860553741455 acc: 0.5
[line:122] - DEBUG: 2 train loss: 2.552553653717041 acc: 0.5
[line:122] - DEBUG: 2 train loss: 2.4799413681030273 acc: 0.59375
[line:122] - DEBUG: 2 train loss: 2.629117488861084 acc: 0.4375
[line:122] - DEBUG: 2 train loss: 2.6160366535186768 acc: 0.5
[line:122] - DEBUG: 2 train loss: 2.4566617012023926 acc: 0.625
[line:122] - DEBUG: 2 train loss: 2.401808500289917 acc: 0.6875
[line:122] - DEBUG: 2 train loss: 2.54899263381958 acc: 0.53125
[line:122] - DEBUG: 2 train loss: 2.596181631088257 acc: 0.5
[line:122] - DEBUG: 2 train loss: 2.513019561767578 acc: 0.5625
[line:122] - DEBUG: 2 train loss: 2.4166717529296875 acc: 0.6875
[line:122] - DEBUG: 2 train loss: 2.6607742309570312 acc: 0.4375
[line:122] - DEBUG: 2 train loss: 2.4802134037017822 acc: 0.625
[line:122] - DEBUG: 2 train loss: 2.573064088821411 acc: 0.5
[line:122] - DEBUG: 2 train loss: 2.407367706298828 acc: 0.65625
[line:122] - DEBUG: 2 train loss: 2.711921453475952 acc: 0.375
[line:122] - DEBUG: 2 train loss: 2.700721025466919 acc: 0.40625
[line:122] - DEBUG: 2 train loss: 2.43937087059021 acc: 0.625
[line:122] - DEBUG: 2 train loss: 2.6474056243896484 acc: 0.4375
[line:122] - DEBUG: 2 train loss: 2.5301733016967773 acc: 0.53125
[line:122] - DEBUG: 2 train loss: 2.5832462310791016 acc: 0.5
[line:122] - DEBUG: 2 train loss: 2.5500407218933105 acc: 0.53125
[line:122] - DEBUG: 2 train loss: 2.6351711750030518 acc: 0.4375
[line:122] - DEBUG: 2 train loss: 2.6095898151397705 acc: 0.46875
[line:122] - DEBUG: 2 train loss: 2.590280055999756 acc: 0.5
[line:122] - DEBUG: 2 train loss: 2.622436046600342 acc: 0.46875
[line:122] - DEBUG: 2 train loss: 2.7889316082000732 acc: 0.28125
[line:122] - DEBUG: 2 train loss: 2.5650408267974854 acc: 0.53125
[line:122] - DEBUG: 2 train loss: 2.661729097366333 acc: 0.40625
[line:122] - DEBUG: 2 train loss: 2.5372931957244873 acc: 0.53125
[line:122] - DEBUG: 2 train loss: 2.662034749984741 acc: 0.40625
[line:122] - DEBUG: 2 train loss: 2.5573766231536865 acc: 0.5
[line:122] - DEBUG: 2 train loss: 2.606731653213501 acc: 0.46875
[line:122] - DEBUG: 2 train loss: 2.5885825157165527 acc: 0.53125
[line:122] - DEBUG: 2 train loss: 2.7050914764404297 acc: 0.34375
[line:122] - DEBUG: 2 train loss: 2.5542871952056885 acc: 0.53125
[line:122] - DEBUG: 2 train loss: 2.5381596088409424 acc: 0.5625
[line:122] - DEBUG: 2 train loss: 2.7391130924224854 acc: 0.3125
[line:122] - DEBUG: 2 train loss: 2.5444998741149902 acc: 0.53125
[line:122] - DEBUG: 2 train loss: 2.5816683769226074 acc: 0.5
[line:122] - DEBUG: 2 train loss: 2.5578176975250244 acc: 0.53125
[line:122] - DEBUG: 2 train loss: 2.4658470153808594 acc: 0.59375
[line:122] - DEBUG: 2 train loss: 2.530134439468384 acc: 0.5625
[line:122] - DEBUG: 2 train loss: 2.751802444458008 acc: 0.3125
[line:122] - DEBUG: 2 train loss: 2.423285484313965 acc: 0.65625
[line:122] - DEBUG: 2 train loss: 2.5028250217437744 acc: 0.5625
[line:122] - DEBUG: 2 train loss: 2.5218634605407715 acc: 0.53125
[line:122] - DEBUG: 2 train loss: 2.62882137298584 acc: 0.4375
[line:122] - DEBUG: 2 train loss: 2.7726640701293945 acc: 0.3125
[line:122] - DEBUG: 2 train loss: 2.5269699096679688 acc: 0.5625
[line:122] - DEBUG: 2 train loss: 2.6115901470184326 acc: 0.46875
[line:122] - DEBUG: 2 train loss: 2.646955728530884 acc: 0.4375
[line:122] - DEBUG: 2 train loss: 2.6169753074645996 acc: 0.4375
[line:122] - DEBUG: 2 train loss: 2.5821533203125 acc: 0.5
[line:122] - DEBUG: 2 train loss: 2.529015302658081 acc: 0.53125
[line:122] - DEBUG: 2 train loss: 2.5281171798706055 acc: 0.5625
[line:122] - DEBUG: 2 train loss: 2.624886989593506 acc: 0.46875
[line:122] - DEBUG: 2 train loss: 2.5912108421325684 acc: 0.46875
[line:122] - DEBUG: 2 train loss: 2.577570915222168 acc: 0.5
[line:122] - DEBUG: 2 train loss: 2.581270456314087 acc: 0.5
[line:122] - DEBUG: 2 train loss: 2.440303325653076 acc: 0.65625
[line:122] - DEBUG: 2 train loss: 2.6060378551483154 acc: 0.46875
[line:122] - DEBUG: 2 train loss: 2.602588176727295 acc: 0.5
[line:122] - DEBUG: 2 train loss: 2.5352048873901367 acc: 0.53125
[line:122] - DEBUG: 2 train loss: 2.514625072479248 acc: 0.5625
[line:122] - DEBUG: 2 train loss: 2.7993481159210205 acc: 0.28125
[line:122] - DEBUG: 2 train loss: 2.56126070022583 acc: 0.53125
[line:122] - DEBUG: 2 train loss: 2.276815176010132 acc: 0.8125
[line:122] - DEBUG: 2 train loss: 2.510176181793213 acc: 0.5625
[line:122] - DEBUG: 2 train loss: 2.77359938621521 acc: 0.28125
[line:122] - DEBUG: 2 train loss: 2.594353675842285 acc: 0.46875
[line:122] - DEBUG: 2 train loss: 2.5690319538116455 acc: 0.5
[line:122] - DEBUG: 2 train loss: 2.512510299682617 acc: 0.5625
[line:122] - DEBUG: 2 train loss: 2.491379976272583 acc: 0.59375
[line:122] - DEBUG: 2 train loss: 2.555558204650879 acc: 0.53125
[line:122] - DEBUG: 2 train loss: 2.51877760887146 acc: 0.5625
[line:122] - DEBUG: 2 train loss: 2.347744941711426 acc: 0.75
[line:122] - DEBUG: 2 train loss: 2.685734510421753 acc: 0.40625
[line:122] - DEBUG: 2 train loss: 2.5073680877685547 acc: 0.5625
[line:122] - DEBUG: 2 train loss: 2.441554307937622 acc: 0.625
[line:122] - DEBUG: 2 train loss: 2.6797211170196533 acc: 0.375
[line:122] - DEBUG: 2 train loss: 2.554159164428711 acc: 0.5625
[line:122] - DEBUG: 2 train loss: 2.6628170013427734 acc: 0.4375
[line:122] - DEBUG: 2 train loss: 2.611725330352783 acc: 0.5
[line:122] - DEBUG: 2 train loss: 2.667656421661377 acc: 0.375
