[line:54] - DEBUG: criterion: CrossEntropyLoss
[line:56] - DEBUG: optimizer: RMSprop
[line:120] - DEBUG: 0 train loss: 1.792872428894043 acc: 0.03125
[line:120] - DEBUG: 0 train loss: 1.5641614198684692 acc: 0.53125
[line:120] - DEBUG: 0 train loss: 1.5156569480895996 acc: 0.53125
[line:120] - DEBUG: 0 train loss: 1.4523589611053467 acc: 0.5625
[line:120] - DEBUG: 0 train loss: 1.479506254196167 acc: 0.5625
[line:120] - DEBUG: 0 train loss: 1.4620548486709595 acc: 0.59375
[line:120] - DEBUG: 0 train loss: 1.3180938959121704 acc: 0.75
[line:120] - DEBUG: 0 train loss: 1.3641083240509033 acc: 0.6875
[line:120] - DEBUG: 0 train loss: 1.560071587562561 acc: 0.5
[line:120] - DEBUG: 0 train loss: 1.4141247272491455 acc: 0.625
[line:120] - DEBUG: 0 train loss: 1.3591997623443604 acc: 0.6875
[line:120] - DEBUG: 0 train loss: 1.500707983970642 acc: 0.53125
[line:120] - DEBUG: 0 train loss: 1.5145912170410156 acc: 0.53125
[line:120] - DEBUG: 0 train loss: 1.3423564434051514 acc: 0.71875
[line:120] - DEBUG: 0 train loss: 1.4847313165664673 acc: 0.5625
[line:120] - DEBUG: 0 train loss: 1.5065951347351074 acc: 0.53125
[line:120] - DEBUG: 0 train loss: 1.4781960248947144 acc: 0.5625
[line:120] - DEBUG: 0 train loss: 1.5108375549316406 acc: 0.53125
[line:120] - DEBUG: 0 train loss: 1.5433310270309448 acc: 0.5
[line:120] - DEBUG: 0 train loss: 1.4161434173583984 acc: 0.625
[line:120] - DEBUG: 0 train loss: 1.2925338745117188 acc: 0.75
[line:120] - DEBUG: 0 train loss: 1.6225407123565674 acc: 0.40625
[line:120] - DEBUG: 0 train loss: 1.403562068939209 acc: 0.65625
[line:120] - DEBUG: 0 train loss: 1.5102719068527222 acc: 0.53125
[line:120] - DEBUG: 0 train loss: 1.3245950937271118 acc: 0.6875
[line:120] - DEBUG: 0 train loss: 1.448065996170044 acc: 0.625
[line:120] - DEBUG: 0 train loss: 1.3777536153793335 acc: 0.6875
[line:120] - DEBUG: 0 train loss: 1.3680427074432373 acc: 0.65625
[line:120] - DEBUG: 0 train loss: 1.4585880041122437 acc: 0.5625
[line:120] - DEBUG: 0 train loss: 1.539006233215332 acc: 0.5
[line:120] - DEBUG: 0 train loss: 1.4625968933105469 acc: 0.5625
[line:120] - DEBUG: 0 train loss: 1.4360754489898682 acc: 0.59375
[line:120] - DEBUG: 0 train loss: 1.4938594102859497 acc: 0.53125
[line:120] - DEBUG: 0 train loss: 1.4486831426620483 acc: 0.59375
[line:120] - DEBUG: 0 train loss: 1.460839033126831 acc: 0.59375
[line:120] - DEBUG: 0 train loss: 1.3960739374160767 acc: 0.625
[line:120] - DEBUG: 0 train loss: 1.492906928062439 acc: 0.53125
[line:120] - DEBUG: 0 train loss: 1.6375693082809448 acc: 0.375
[line:120] - DEBUG: 0 train loss: 1.458521842956543 acc: 0.59375
[line:120] - DEBUG: 0 train loss: 1.4096583127975464 acc: 0.625
[line:120] - DEBUG: 0 train loss: 1.5120173692703247 acc: 0.53125
[line:120] - DEBUG: 0 train loss: 1.5133728981018066 acc: 0.5
[line:120] - DEBUG: 0 train loss: 1.3631365299224854 acc: 0.625
[line:120] - DEBUG: 0 train loss: 1.3248262405395508 acc: 0.71875
[line:120] - DEBUG: 0 train loss: 1.3124970197677612 acc: 0.71875
[line:120] - DEBUG: 0 train loss: 1.4674614667892456 acc: 0.59375
[line:120] - DEBUG: 0 train loss: 1.3500847816467285 acc: 0.6875
[line:120] - DEBUG: 0 train loss: 1.4973682165145874 acc: 0.5625
[line:120] - DEBUG: 0 train loss: 1.4797388315200806 acc: 0.5625
[line:120] - DEBUG: 0 train loss: 1.445647120475769 acc: 0.625
[line:120] - DEBUG: 0 train loss: 1.2651097774505615 acc: 0.78125
[line:120] - DEBUG: 0 train loss: 1.314202904701233 acc: 0.71875
[line:120] - DEBUG: 0 train loss: 1.2789344787597656 acc: 0.75
[line:120] - DEBUG: 0 train loss: 1.470536231994629 acc: 0.5625
[line:120] - DEBUG: 0 train loss: 1.3836580514907837 acc: 0.65625
[line:120] - DEBUG: 0 train loss: 1.4268815517425537 acc: 0.625
[line:120] - DEBUG: 0 train loss: 1.3574347496032715 acc: 0.6875
[line:120] - DEBUG: 0 train loss: 1.3721424341201782 acc: 0.6875
[line:120] - DEBUG: 0 train loss: 1.3791109323501587 acc: 0.65625
[line:120] - DEBUG: 0 train loss: 1.4741953611373901 acc: 0.5625
[line:120] - DEBUG: 0 train loss: 1.3915363550186157 acc: 0.65625
[line:120] - DEBUG: 0 train loss: 1.3910151720046997 acc: 0.65625
[line:120] - DEBUG: 0 train loss: 1.3833824396133423 acc: 0.65625
[line:120] - DEBUG: 0 train loss: 1.4405444860458374 acc: 0.59375
[line:120] - DEBUG: 0 train loss: 1.33150315284729 acc: 0.71875
[line:120] - DEBUG: 0 train loss: 1.3613815307617188 acc: 0.6875
[line:120] - DEBUG: 0 train loss: 1.3564125299453735 acc: 0.65625
[line:120] - DEBUG: 0 train loss: 1.458993673324585 acc: 0.55
[line:127] - DEBUG: train Loss: 1.4370 Acc: 0.6007
[line:120] - DEBUG: 0 val loss: 1.526916742324829 acc: 0.5166666666666666
[line:120] - DEBUG: 0 val loss: 1.4936027526855469 acc: 0.55
[line:120] - DEBUG: 0 val loss: 1.410357117652893 acc: 0.6333333333333333
[line:120] - DEBUG: 0 val loss: 1.5601400136947632 acc: 0.48333333333333334
[line:120] - DEBUG: 0 val loss: 1.5269001722335815 acc: 0.5166666666666666
[line:120] - DEBUG: 0 val loss: 1.168661117553711 acc: 0.875
[line:127] - DEBUG: val Loss: 1.4949 Acc: 0.5487
[line:120] - DEBUG: 1 train loss: 1.3878926038742065 acc: 0.625
[line:120] - DEBUG: 1 train loss: 1.3557060956954956 acc: 0.6875
[line:120] - DEBUG: 1 train loss: 1.4252538681030273 acc: 0.625
[line:120] - DEBUG: 1 train loss: 1.5050222873687744 acc: 0.53125
[line:120] - DEBUG: 1 train loss: 1.3138933181762695 acc: 0.71875
[line:120] - DEBUG: 1 train loss: 1.3587497472763062 acc: 0.6875
[line:120] - DEBUG: 1 train loss: 1.2851228713989258 acc: 0.78125
[line:120] - DEBUG: 1 train loss: 1.3765311241149902 acc: 0.6875
[line:120] - DEBUG: 1 train loss: 1.5004085302352905 acc: 0.53125
[line:120] - DEBUG: 1 train loss: 1.412617564201355 acc: 0.625
[line:120] - DEBUG: 1 train loss: 1.4779947996139526 acc: 0.5625
[line:120] - DEBUG: 1 train loss: 1.493021845817566 acc: 0.53125
[line:120] - DEBUG: 1 train loss: 1.356004238128662 acc: 0.6875
[line:120] - DEBUG: 1 train loss: 1.2339094877243042 acc: 0.8125
[line:120] - DEBUG: 1 train loss: 1.4293770790100098 acc: 0.625
[line:120] - DEBUG: 1 train loss: 1.2994390726089478 acc: 0.75
[line:120] - DEBUG: 1 train loss: 1.3459765911102295 acc: 0.71875
[line:120] - DEBUG: 1 train loss: 1.3157635927200317 acc: 0.71875
[line:120] - DEBUG: 1 train loss: 1.4910392761230469 acc: 0.5625
[line:120] - DEBUG: 1 train loss: 1.279508352279663 acc: 0.78125
[line:120] - DEBUG: 1 train loss: 1.2461373805999756 acc: 0.8125
[line:120] - DEBUG: 1 train loss: 1.2937349081039429 acc: 0.75
[line:120] - DEBUG: 1 train loss: 1.3481520414352417 acc: 0.6875
[line:120] - DEBUG: 1 train loss: 1.3770962953567505 acc: 0.65625
[line:120] - DEBUG: 1 train loss: 1.346960186958313 acc: 0.6875
[line:120] - DEBUG: 1 train loss: 1.4212381839752197 acc: 0.625
[line:120] - DEBUG: 1 train loss: 1.2878732681274414 acc: 0.75
[line:120] - DEBUG: 1 train loss: 1.295714020729065 acc: 0.75
[line:120] - DEBUG: 1 train loss: 1.2451096773147583 acc: 0.8125
[line:120] - DEBUG: 1 train loss: 1.3143287897109985 acc: 0.71875
[line:120] - DEBUG: 1 train loss: 1.5922669172286987 acc: 0.4375
[line:120] - DEBUG: 1 train loss: 1.2700469493865967 acc: 0.78125
[line:120] - DEBUG: 1 train loss: 1.3075376749038696 acc: 0.71875
[line:120] - DEBUG: 1 train loss: 1.3991706371307373 acc: 0.625
[line:120] - DEBUG: 1 train loss: 1.4140528440475464 acc: 0.625
[line:120] - DEBUG: 1 train loss: 1.4205728769302368 acc: 0.625
[line:120] - DEBUG: 1 train loss: 1.343769907951355 acc: 0.71875
[line:120] - DEBUG: 1 train loss: 1.3829423189163208 acc: 0.65625
[line:120] - DEBUG: 1 train loss: 1.331315040588379 acc: 0.71875
[line:120] - DEBUG: 1 train loss: 1.3554972410202026 acc: 0.6875
[line:120] - DEBUG: 1 train loss: 1.3234684467315674 acc: 0.71875
[line:120] - DEBUG: 1 train loss: 1.4057197570800781 acc: 0.625
[line:120] - DEBUG: 1 train loss: 1.340640664100647 acc: 0.71875
[line:120] - DEBUG: 1 train loss: 1.387785792350769 acc: 0.65625
[line:120] - DEBUG: 1 train loss: 1.3186379671096802 acc: 0.71875
[line:120] - DEBUG: 1 train loss: 1.4167053699493408 acc: 0.625
[line:120] - DEBUG: 1 train loss: 1.3747578859329224 acc: 0.65625
[line:120] - DEBUG: 1 train loss: 1.267663836479187 acc: 0.78125
[line:120] - DEBUG: 1 train loss: 1.4517314434051514 acc: 0.59375
[line:120] - DEBUG: 1 train loss: 1.344767451286316 acc: 0.6875
[line:120] - DEBUG: 1 train loss: 1.3508318662643433 acc: 0.6875
[line:120] - DEBUG: 1 train loss: 1.4377859830856323 acc: 0.59375
[line:120] - DEBUG: 1 train loss: 1.4756191968917847 acc: 0.5625
[line:120] - DEBUG: 1 train loss: 1.4197049140930176 acc: 0.625
[line:120] - DEBUG: 1 train loss: 1.4420483112335205 acc: 0.59375
[line:120] - DEBUG: 1 train loss: 1.4516727924346924 acc: 0.59375
[line:120] - DEBUG: 1 train loss: 1.3184112310409546 acc: 0.71875
[line:120] - DEBUG: 1 train loss: 1.3400743007659912 acc: 0.6875
[line:120] - DEBUG: 1 train loss: 1.2937630414962769 acc: 0.75
[line:120] - DEBUG: 1 train loss: 1.214796781539917 acc: 0.84375
[line:120] - DEBUG: 1 train loss: 1.3676117658615112 acc: 0.6875
[line:120] - DEBUG: 1 train loss: 1.355670690536499 acc: 0.6875
[line:120] - DEBUG: 1 train loss: 1.4456112384796143 acc: 0.59375
[line:120] - DEBUG: 1 train loss: 1.2793241739273071 acc: 0.75
[line:120] - DEBUG: 1 train loss: 1.3403282165527344 acc: 0.6875
[line:120] - DEBUG: 1 train loss: 1.3310949802398682 acc: 0.71875
[line:120] - DEBUG: 1 train loss: 1.3120776414871216 acc: 0.71875
[line:120] - DEBUG: 1 train loss: 1.3016512393951416 acc: 0.75
[line:127] - DEBUG: train Loss: 1.3643 Acc: 0.6779
[line:120] - DEBUG: 1 val loss: 1.4148662090301514 acc: 0.6333333333333333
[line:120] - DEBUG: 1 val loss: 1.4375512599945068 acc: 0.6
[line:120] - DEBUG: 1 val loss: 1.4530221223831177 acc: 0.5833333333333334
[line:120] - DEBUG: 1 val loss: 1.4020788669586182 acc: 0.65
[line:120] - DEBUG: 1 val loss: 1.4559943675994873 acc: 0.5833333333333334
[line:120] - DEBUG: 1 val loss: 1.5535460710525513 acc: 0.5
[line:127] - DEBUG: val Loss: 1.4358 Acc: 0.6071
[line:120] - DEBUG: 2 train loss: 1.2976734638214111 acc: 0.75
[line:120] - DEBUG: 2 train loss: 1.5523329973220825 acc: 0.5
[line:120] - DEBUG: 2 train loss: 1.4037344455718994 acc: 0.625
[line:120] - DEBUG: 2 train loss: 1.2586277723312378 acc: 0.78125
[line:120] - DEBUG: 2 train loss: 1.263180136680603 acc: 0.78125
[line:120] - DEBUG: 2 train loss: 1.4757190942764282 acc: 0.5625
[line:120] - DEBUG: 2 train loss: 1.2864787578582764 acc: 0.75
[line:120] - DEBUG: 2 train loss: 1.3436611890792847 acc: 0.6875
[line:120] - DEBUG: 2 train loss: 1.330906629562378 acc: 0.71875
[line:120] - DEBUG: 2 train loss: 1.2967419624328613 acc: 0.75
[line:120] - DEBUG: 2 train loss: 1.383927345275879 acc: 0.65625
[line:120] - DEBUG: 2 train loss: 1.4066994190216064 acc: 0.625
[line:120] - DEBUG: 2 train loss: 1.3316220045089722 acc: 0.71875
[line:120] - DEBUG: 2 train loss: 1.3348966836929321 acc: 0.71875
[line:120] - DEBUG: 2 train loss: 1.2156654596328735 acc: 0.84375
[line:120] - DEBUG: 2 train loss: 1.4415347576141357 acc: 0.59375
[line:120] - DEBUG: 2 train loss: 1.3342666625976562 acc: 0.71875
[line:120] - DEBUG: 2 train loss: 1.276855707168579 acc: 0.75
[line:120] - DEBUG: 2 train loss: 1.3947633504867554 acc: 0.65625
[line:120] - DEBUG: 2 train loss: 1.418532133102417 acc: 0.625
[line:120] - DEBUG: 2 train loss: 1.3555129766464233 acc: 0.6875
[line:120] - DEBUG: 2 train loss: 1.3636382818222046 acc: 0.65625
[line:120] - DEBUG: 2 train loss: 1.2547727823257446 acc: 0.78125
[line:120] - DEBUG: 2 train loss: 1.3128937482833862 acc: 0.71875
[line:120] - DEBUG: 2 train loss: 1.5351670980453491 acc: 0.5
[line:120] - DEBUG: 2 train loss: 1.3807129859924316 acc: 0.65625
[line:120] - DEBUG: 2 train loss: 1.3684091567993164 acc: 0.65625
[line:120] - DEBUG: 2 train loss: 1.5656061172485352 acc: 0.46875
[line:120] - DEBUG: 2 train loss: 1.3256181478500366 acc: 0.71875
[line:120] - DEBUG: 2 train loss: 1.397143006324768 acc: 0.625
[line:120] - DEBUG: 2 train loss: 1.2099536657333374 acc: 0.84375
[line:120] - DEBUG: 2 train loss: 1.3573803901672363 acc: 0.6875
[line:120] - DEBUG: 2 train loss: 1.3267178535461426 acc: 0.71875
[line:120] - DEBUG: 2 train loss: 1.3107929229736328 acc: 0.75
[line:120] - DEBUG: 2 train loss: 1.3252028226852417 acc: 0.71875
[line:120] - DEBUG: 2 train loss: 1.3093293905258179 acc: 0.71875
[line:120] - DEBUG: 2 train loss: 1.2750749588012695 acc: 0.78125
[line:120] - DEBUG: 2 train loss: 1.3456368446350098 acc: 0.65625
[line:120] - DEBUG: 2 train loss: 1.4481416940689087 acc: 0.59375
[line:120] - DEBUG: 2 train loss: 1.4096417427062988 acc: 0.625
