[line:54] - DEBUG: criterion: CrossEntropyLoss
[line:56] - DEBUG: optimizer: RMSprop
[line:120] - DEBUG: 0 train loss: 1.0911332368850708 acc: 0.53125
[line:120] - DEBUG: 0 train loss: 1.03629732131958 acc: 0.4375
[line:120] - DEBUG: 0 train loss: 1.058646321296692 acc: 0.46875
[line:120] - DEBUG: 0 train loss: 0.9270312190055847 acc: 0.5
[line:120] - DEBUG: 0 train loss: 1.1888545751571655 acc: 0.3125
[line:120] - DEBUG: 0 train loss: 1.0096451044082642 acc: 0.53125
[line:120] - DEBUG: 0 train loss: 0.9952899813652039 acc: 0.53125
[line:120] - DEBUG: 0 train loss: 0.9914403557777405 acc: 0.53125
[line:120] - DEBUG: 0 train loss: 0.9462203979492188 acc: 0.5625
[line:120] - DEBUG: 0 train loss: 1.0591535568237305 acc: 0.375
[line:120] - DEBUG: 0 train loss: 0.9519423246383667 acc: 0.5625
[line:120] - DEBUG: 0 train loss: 0.9291673898696899 acc: 0.59375
[line:120] - DEBUG: 0 train loss: 0.9865654706954956 acc: 0.5625
[line:120] - DEBUG: 0 train loss: 0.9206169247627258 acc: 0.65625
[line:120] - DEBUG: 0 train loss: 0.9609771370887756 acc: 0.53125
[line:120] - DEBUG: 0 train loss: 0.9396586418151855 acc: 0.59375
[line:120] - DEBUG: 0 train loss: 0.9560582637786865 acc: 0.59375
[line:120] - DEBUG: 0 train loss: 0.8594511151313782 acc: 0.6875
[line:120] - DEBUG: 0 train loss: 0.8728641867637634 acc: 0.6875
[line:120] - DEBUG: 0 train loss: 1.0896387100219727 acc: 0.46875
[line:120] - DEBUG: 0 train loss: 0.9181187748908997 acc: 0.625
[line:120] - DEBUG: 0 train loss: 0.8922224044799805 acc: 0.625
[line:120] - DEBUG: 0 train loss: 1.0355124473571777 acc: 0.4375
[line:120] - DEBUG: 0 train loss: 0.9286499619483948 acc: 0.59375
[line:120] - DEBUG: 0 train loss: 0.8048668503761292 acc: 0.71875
[line:120] - DEBUG: 0 train loss: 0.9642303586006165 acc: 0.53125
[line:120] - DEBUG: 0 train loss: 0.9287487268447876 acc: 0.59375
[line:120] - DEBUG: 0 train loss: 1.008112907409668 acc: 0.5
[line:120] - DEBUG: 0 train loss: 0.824414074420929 acc: 0.75
[line:120] - DEBUG: 0 train loss: 0.90157151222229 acc: 0.65625
[line:120] - DEBUG: 0 train loss: 0.9428802132606506 acc: 0.625
[line:120] - DEBUG: 0 train loss: 0.8742011189460754 acc: 0.6875
[line:120] - DEBUG: 0 train loss: 0.9075379371643066 acc: 0.59375
[line:120] - DEBUG: 0 train loss: 0.8187764286994934 acc: 0.75
[line:120] - DEBUG: 0 train loss: 0.8371568918228149 acc: 0.75
[line:120] - DEBUG: 0 train loss: 0.8610098958015442 acc: 0.6875
[line:120] - DEBUG: 0 train loss: 0.8502525091171265 acc: 0.65625
[line:120] - DEBUG: 0 train loss: 0.9686900973320007 acc: 0.59375
[line:120] - DEBUG: 0 train loss: 0.9049214720726013 acc: 0.625
[line:120] - DEBUG: 0 train loss: 0.8068282008171082 acc: 0.78125
[line:120] - DEBUG: 0 train loss: 0.7875844240188599 acc: 0.78125
[line:120] - DEBUG: 0 train loss: 0.7729183435440063 acc: 0.78125
[line:120] - DEBUG: 0 train loss: 0.8218236565589905 acc: 0.71875
[line:120] - DEBUG: 0 train loss: 0.888136088848114 acc: 0.6875
[line:120] - DEBUG: 0 train loss: 0.9473886489868164 acc: 0.625
[line:120] - DEBUG: 0 train loss: 0.8883016705513 acc: 0.6875
[line:120] - DEBUG: 0 train loss: 0.7113527059555054 acc: 0.875
[line:120] - DEBUG: 0 train loss: 0.94777512550354 acc: 0.59375
[line:120] - DEBUG: 0 train loss: 0.8987873196601868 acc: 0.65625
[line:120] - DEBUG: 0 train loss: 0.8868743181228638 acc: 0.65625
[line:120] - DEBUG: 0 train loss: 0.9371924996376038 acc: 0.59375
[line:120] - DEBUG: 0 train loss: 0.9176523685455322 acc: 0.5625
[line:120] - DEBUG: 0 train loss: 1.0749142169952393 acc: 0.46875
[line:120] - DEBUG: 0 train loss: 0.960610032081604 acc: 0.59375
[line:120] - DEBUG: 0 train loss: 0.9419803023338318 acc: 0.59375
[line:120] - DEBUG: 0 train loss: 0.9040994644165039 acc: 0.65625
[line:120] - DEBUG: 0 train loss: 0.9295245409011841 acc: 0.59375
[line:120] - DEBUG: 0 train loss: 0.8883790373802185 acc: 0.625
[line:120] - DEBUG: 0 train loss: 0.8587623834609985 acc: 0.71875
[line:120] - DEBUG: 0 train loss: 0.7889232039451599 acc: 0.71875
[line:120] - DEBUG: 0 train loss: 0.8504073619842529 acc: 0.65625
[line:120] - DEBUG: 0 train loss: 0.8727580308914185 acc: 0.625
[line:120] - DEBUG: 0 train loss: 0.8339009284973145 acc: 0.6875
[line:120] - DEBUG: 0 train loss: 0.7487135529518127 acc: 0.8125
[line:120] - DEBUG: 0 train loss: 0.7740985751152039 acc: 0.78125
[line:120] - DEBUG: 0 train loss: 1.0113087892532349 acc: 0.46875
[line:120] - DEBUG: 0 train loss: 0.931219220161438 acc: 0.625
[line:120] - DEBUG: 0 train loss: 0.7561594843864441 acc: 0.8125
[line:120] - DEBUG: 0 train loss: 0.7636508345603943 acc: 0.8125
[line:120] - DEBUG: 0 train loss: 0.8154724836349487 acc: 0.6875
[line:120] - DEBUG: 0 train loss: 0.8888514041900635 acc: 0.65625
[line:120] - DEBUG: 0 train loss: 0.9130225777626038 acc: 0.65625
[line:120] - DEBUG: 0 train loss: 0.8717086911201477 acc: 0.6875
[line:120] - DEBUG: 0 train loss: 0.7671595215797424 acc: 0.8125
[line:120] - DEBUG: 0 train loss: 0.8402224183082581 acc: 0.71875
[line:120] - DEBUG: 0 train loss: 0.8279477953910828 acc: 0.6875
[line:120] - DEBUG: 0 train loss: 0.9027124643325806 acc: 0.59375
[line:120] - DEBUG: 0 train loss: 0.8585067391395569 acc: 0.6875
[line:120] - DEBUG: 0 train loss: 0.8957511782646179 acc: 0.71875
[line:120] - DEBUG: 0 train loss: 0.8510255813598633 acc: 0.65625
[line:120] - DEBUG: 0 train loss: 0.7537872195243835 acc: 0.75
[line:120] - DEBUG: 0 train loss: 0.8093653321266174 acc: 0.78125
[line:120] - DEBUG: 0 train loss: 0.8890329003334045 acc: 0.6875
[line:120] - DEBUG: 0 train loss: 0.8489664196968079 acc: 0.65625
[line:120] - DEBUG: 0 train loss: 0.8722075819969177 acc: 0.625
[line:120] - DEBUG: 0 train loss: 0.8730266690254211 acc: 0.65625
[line:120] - DEBUG: 0 train loss: 0.7965845465660095 acc: 0.75
[line:120] - DEBUG: 0 train loss: 0.7508217692375183 acc: 0.78125
[line:120] - DEBUG: 0 train loss: 0.776780903339386 acc: 0.78125
[line:120] - DEBUG: 0 train loss: 0.8063364028930664 acc: 0.78125
[line:120] - DEBUG: 0 train loss: 0.8650729060173035 acc: 0.65625
[line:120] - DEBUG: 0 train loss: 0.9224113821983337 acc: 0.59375
[line:120] - DEBUG: 0 train loss: 0.8643272519111633 acc: 0.6875
[line:120] - DEBUG: 0 train loss: 0.7658998966217041 acc: 0.78125
[line:120] - DEBUG: 0 train loss: 0.737670361995697 acc: 0.84375
[line:120] - DEBUG: 0 train loss: 0.7494007349014282 acc: 0.78125
[line:120] - DEBUG: 0 train loss: 0.8477721214294434 acc: 0.6875
[line:120] - DEBUG: 0 train loss: 0.8053836226463318 acc: 0.75
[line:120] - DEBUG: 0 train loss: 0.803360104560852 acc: 0.71875
[line:120] - DEBUG: 0 train loss: 0.7730128765106201 acc: 0.75
[line:120] - DEBUG: 0 train loss: 0.859308123588562 acc: 0.71875
[line:120] - DEBUG: 0 train loss: 0.965880274772644 acc: 0.5625
[line:120] - DEBUG: 0 train loss: 0.8951047658920288 acc: 0.65625
[line:120] - DEBUG: 0 train loss: 0.8471428155899048 acc: 0.65625
[line:120] - DEBUG: 0 train loss: 0.9161054491996765 acc: 0.59375
[line:120] - DEBUG: 0 train loss: 0.861483633518219 acc: 0.6875
[line:120] - DEBUG: 0 train loss: 0.8393369913101196 acc: 0.71875
[line:120] - DEBUG: 0 train loss: 0.7779598236083984 acc: 0.78125
[line:120] - DEBUG: 0 train loss: 0.7628412246704102 acc: 0.8125
[line:120] - DEBUG: 0 train loss: 0.7857378125190735 acc: 0.75
[line:120] - DEBUG: 0 train loss: 0.680729866027832 acc: 0.90625
[line:120] - DEBUG: 0 train loss: 0.7342951893806458 acc: 0.8125
[line:120] - DEBUG: 0 train loss: 0.897876501083374 acc: 0.625
[line:120] - DEBUG: 0 train loss: 0.7983279228210449 acc: 0.75
[line:120] - DEBUG: 0 train loss: 0.7885511517524719 acc: 0.78125
[line:120] - DEBUG: 0 train loss: 0.7108678817749023 acc: 0.78125
[line:120] - DEBUG: 0 train loss: 0.8857876658439636 acc: 0.65625
[line:120] - DEBUG: 0 train loss: 0.9334540367126465 acc: 0.65625
[line:120] - DEBUG: 0 train loss: 0.8821618556976318 acc: 0.625
[line:120] - DEBUG: 0 train loss: 0.9264700412750244 acc: 0.59375
[line:120] - DEBUG: 0 train loss: 0.8017910718917847 acc: 0.75
[line:120] - DEBUG: 0 train loss: 0.7696018218994141 acc: 0.78125
[line:120] - DEBUG: 0 train loss: 0.8057928085327148 acc: 0.6875
[line:120] - DEBUG: 0 train loss: 0.8519902229309082 acc: 0.625
[line:120] - DEBUG: 0 train loss: 0.9437212347984314 acc: 0.625
[line:120] - DEBUG: 0 train loss: 0.7708412408828735 acc: 0.8125
[line:120] - DEBUG: 0 train loss: 0.9752131104469299 acc: 0.5625
[line:120] - DEBUG: 0 train loss: 0.838142454624176 acc: 0.6923076923076923
[line:127] - DEBUG: train Loss: 0.8775 Acc: 0.6615
[line:120] - DEBUG: 0 val loss: 0.9629107117652893 acc: 0.5700000000000001
[line:120] - DEBUG: 0 val loss: 0.9902670979499817 acc: 0.51
[line:120] - DEBUG: 0 val loss: 0.9097742438316345 acc: 0.64
[line:120] - DEBUG: 0 val loss: 0.9342907667160034 acc: 0.6
[line:120] - DEBUG: 0 val loss: 0.8954407572746277 acc: 0.64
[line:120] - DEBUG: 0 val loss: 0.9345866441726685 acc: 0.6
[line:120] - DEBUG: 0 val loss: 0.932494580745697 acc: 0.5625
[line:127] - DEBUG: val Loss: 0.9377 Acc: 0.5925
[line:120] - DEBUG: 1 train loss: 0.9108046889305115 acc: 0.625
[line:120] - DEBUG: 1 train loss: 0.8261800408363342 acc: 0.71875
[line:120] - DEBUG: 1 train loss: 0.775543212890625 acc: 0.75
[line:120] - DEBUG: 1 train loss: 0.9113367199897766 acc: 0.625
[line:120] - DEBUG: 1 train loss: 0.8403420448303223 acc: 0.6875
[line:120] - DEBUG: 1 train loss: 0.9538246393203735 acc: 0.59375
[line:120] - DEBUG: 1 train loss: 0.8061031699180603 acc: 0.75
[line:120] - DEBUG: 1 train loss: 0.9392858743667603 acc: 0.625
[line:120] - DEBUG: 1 train loss: 0.9052483439445496 acc: 0.625
[line:120] - DEBUG: 1 train loss: 0.7875180244445801 acc: 0.75
[line:120] - DEBUG: 1 train loss: 0.807534396648407 acc: 0.6875
[line:120] - DEBUG: 1 train loss: 0.8326672911643982 acc: 0.625
[line:120] - DEBUG: 1 train loss: 0.7512582540512085 acc: 0.84375
[line:120] - DEBUG: 1 train loss: 0.8420158624649048 acc: 0.71875
[line:120] - DEBUG: 1 train loss: 0.7850185632705688 acc: 0.71875
[line:120] - DEBUG: 1 train loss: 0.8236088752746582 acc: 0.6875
[line:120] - DEBUG: 1 train loss: 0.8589503169059753 acc: 0.65625
[line:120] - DEBUG: 1 train loss: 0.809188961982727 acc: 0.75
[line:120] - DEBUG: 1 train loss: 0.8532443046569824 acc: 0.6875
[line:120] - DEBUG: 1 train loss: 0.8290302157402039 acc: 0.75
[line:120] - DEBUG: 1 train loss: 0.772611677646637 acc: 0.78125
[line:120] - DEBUG: 1 train loss: 0.8506404757499695 acc: 0.6875
[line:120] - DEBUG: 1 train loss: 0.840457558631897 acc: 0.71875
[line:120] - DEBUG: 1 train loss: 0.72795569896698 acc: 0.875
[line:120] - DEBUG: 1 train loss: 0.7694035768508911 acc: 0.8125
[line:120] - DEBUG: 1 train loss: 0.7377582788467407 acc: 0.84375
[line:120] - DEBUG: 1 train loss: 0.7009486556053162 acc: 0.875
[line:120] - DEBUG: 1 train loss: 0.8616250157356262 acc: 0.65625
[line:120] - DEBUG: 1 train loss: 0.7567148804664612 acc: 0.78125
[line:120] - DEBUG: 1 train loss: 0.8442234992980957 acc: 0.6875
[line:120] - DEBUG: 1 train loss: 0.8252420425415039 acc: 0.71875
[line:120] - DEBUG: 1 train loss: 0.7633416652679443 acc: 0.75
[line:120] - DEBUG: 1 train loss: 0.8015055656433105 acc: 0.75
[line:120] - DEBUG: 1 train loss: 0.8659037351608276 acc: 0.6875
[line:120] - DEBUG: 1 train loss: 0.9664472937583923 acc: 0.53125
[line:120] - DEBUG: 1 train loss: 0.9111438393592834 acc: 0.59375
[line:120] - DEBUG: 1 train loss: 0.8752842545509338 acc: 0.65625
[line:120] - DEBUG: 1 train loss: 0.7843294739723206 acc: 0.75
[line:120] - DEBUG: 1 train loss: 1.0512093305587769 acc: 0.46875
[line:120] - DEBUG: 1 train loss: 1.0470715761184692 acc: 0.46875
[line:120] - DEBUG: 1 train loss: 0.8052412271499634 acc: 0.75
[line:120] - DEBUG: 1 train loss: 0.7656934261322021 acc: 0.78125
[line:120] - DEBUG: 1 train loss: 0.7058676481246948 acc: 0.84375
[line:120] - DEBUG: 1 train loss: 0.7493929266929626 acc: 0.8125
[line:120] - DEBUG: 1 train loss: 0.8161714673042297 acc: 0.71875
[line:120] - DEBUG: 1 train loss: 0.8658885955810547 acc: 0.6875
[line:120] - DEBUG: 1 train loss: 0.8489731550216675 acc: 0.71875
[line:120] - DEBUG: 1 train loss: 0.846962571144104 acc: 0.71875
[line:120] - DEBUG: 1 train loss: 0.7667573094367981 acc: 0.78125
[line:120] - DEBUG: 1 train loss: 0.763336181640625 acc: 0.78125
[line:120] - DEBUG: 1 train loss: 0.7502034306526184 acc: 0.78125
[line:120] - DEBUG: 1 train loss: 0.7662104964256287 acc: 0.78125
[line:120] - DEBUG: 1 train loss: 0.795860230922699 acc: 0.71875
[line:120] - DEBUG: 1 train loss: 0.8695893883705139 acc: 0.6875
[line:120] - DEBUG: 1 train loss: 0.71230548620224 acc: 0.84375
[line:120] - DEBUG: 1 train loss: 0.773604154586792 acc: 0.78125
[line:120] - DEBUG: 1 train loss: 0.7147368788719177 acc: 0.84375
[line:120] - DEBUG: 1 train loss: 0.9771140217781067 acc: 0.5
[line:120] - DEBUG: 1 train loss: 0.8316177129745483 acc: 0.71875
[line:120] - DEBUG: 1 train loss: 0.8069152235984802 acc: 0.75
[line:120] - DEBUG: 1 train loss: 0.9882058501243591 acc: 0.53125
[line:120] - DEBUG: 1 train loss: 0.8344048261642456 acc: 0.71875
[line:120] - DEBUG: 1 train loss: 0.9039357304573059 acc: 0.65625
[line:120] - DEBUG: 1 train loss: 0.8382168412208557 acc: 0.65625
[line:120] - DEBUG: 1 train loss: 0.903132438659668 acc: 0.625
[line:120] - DEBUG: 1 train loss: 0.7545915842056274 acc: 0.8125
[line:120] - DEBUG: 1 train loss: 0.8538526296615601 acc: 0.71875
[line:120] - DEBUG: 1 train loss: 0.8239665627479553 acc: 0.75
[line:120] - DEBUG: 1 train loss: 0.8665134906768799 acc: 0.6875
[line:120] - DEBUG: 1 train loss: 0.9703541994094849 acc: 0.5
[line:120] - DEBUG: 1 train loss: 0.922127366065979 acc: 0.625
[line:120] - DEBUG: 1 train loss: 0.7182208299636841 acc: 0.8125
[line:120] - DEBUG: 1 train loss: 0.6997355222702026 acc: 0.875
[line:120] - DEBUG: 1 train loss: 0.7906275391578674 acc: 0.78125
[line:120] - DEBUG: 1 train loss: 0.7051923871040344 acc: 0.875
[line:120] - DEBUG: 1 train loss: 0.7745134830474854 acc: 0.75
[line:120] - DEBUG: 1 train loss: 0.8237840533256531 acc: 0.71875
[line:120] - DEBUG: 1 train loss: 0.8101876974105835 acc: 0.75
[line:120] - DEBUG: 1 train loss: 0.7778657674789429 acc: 0.75
[line:120] - DEBUG: 1 train loss: 0.8467754125595093 acc: 0.6875
[line:120] - DEBUG: 1 train loss: 0.7857848405838013 acc: 0.78125
[line:120] - DEBUG: 1 train loss: 0.8160286545753479 acc: 0.75
[line:120] - DEBUG: 1 train loss: 0.7992985248565674 acc: 0.71875
[line:120] - DEBUG: 1 train loss: 0.7511190176010132 acc: 0.78125
[line:120] - DEBUG: 1 train loss: 0.8041706085205078 acc: 0.71875
[line:120] - DEBUG: 1 train loss: 0.8652036190032959 acc: 0.6875
[line:120] - DEBUG: 1 train loss: 0.7957025766372681 acc: 0.75
[line:120] - DEBUG: 1 train loss: 0.8069201111793518 acc: 0.71875
[line:120] - DEBUG: 1 train loss: 0.8002694845199585 acc: 0.71875
[line:120] - DEBUG: 1 train loss: 0.7483791708946228 acc: 0.75
[line:120] - DEBUG: 1 train loss: 0.8294617533683777 acc: 0.6875
[line:120] - DEBUG: 1 train loss: 0.7466527223587036 acc: 0.84375
[line:120] - DEBUG: 1 train loss: 0.9082417488098145 acc: 0.625
[line:120] - DEBUG: 1 train loss: 0.7808851599693298 acc: 0.75
[line:120] - DEBUG: 1 train loss: 0.7356577515602112 acc: 0.8125
[line:120] - DEBUG: 1 train loss: 0.7074036002159119 acc: 0.875
[line:120] - DEBUG: 1 train loss: 0.8079237937927246 acc: 0.75
[line:120] - DEBUG: 1 train loss: 0.7977537512779236 acc: 0.71875
[line:120] - DEBUG: 1 train loss: 0.7730472087860107 acc: 0.75
[line:120] - DEBUG: 1 train loss: 0.7639248967170715 acc: 0.78125
[line:120] - DEBUG: 1 train loss: 0.8127166628837585 acc: 0.71875
[line:120] - DEBUG: 1 train loss: 0.8003559112548828 acc: 0.71875
[line:120] - DEBUG: 1 train loss: 0.8296546339988708 acc: 0.6875
[line:120] - DEBUG: 1 train loss: 0.7134283781051636 acc: 0.84375
[line:120] - DEBUG: 1 train loss: 0.8594344258308411 acc: 0.6875
[line:120] - DEBUG: 1 train loss: 0.8374347686767578 acc: 0.71875
[line:120] - DEBUG: 1 train loss: 0.7585737705230713 acc: 0.8125
[line:120] - DEBUG: 1 train loss: 0.7748114466667175 acc: 0.78125
[line:120] - DEBUG: 1 train loss: 0.8084098100662231 acc: 0.71875
[line:120] - DEBUG: 1 train loss: 0.8231070637702942 acc: 0.6875
[line:120] - DEBUG: 1 train loss: 0.9652022123336792 acc: 0.5
[line:120] - DEBUG: 1 train loss: 0.7583330273628235 acc: 0.8125
[line:120] - DEBUG: 1 train loss: 0.8518166542053223 acc: 0.71875
[line:120] - DEBUG: 1 train loss: 0.8355430364608765 acc: 0.71875
[line:120] - DEBUG: 1 train loss: 0.7395254969596863 acc: 0.8125
[line:120] - DEBUG: 1 train loss: 0.6934180855751038 acc: 0.875
[line:120] - DEBUG: 1 train loss: 0.7765257358551025 acc: 0.78125
[line:120] - DEBUG: 1 train loss: 0.8500778079032898 acc: 0.71875
[line:120] - DEBUG: 1 train loss: 0.8653486967086792 acc: 0.65625
[line:120] - DEBUG: 1 train loss: 0.7200122475624084 acc: 0.84375
[line:120] - DEBUG: 1 train loss: 0.7883669137954712 acc: 0.78125
[line:120] - DEBUG: 1 train loss: 0.8725003004074097 acc: 0.65625
[line:120] - DEBUG: 1 train loss: 0.8939374089241028 acc: 0.625
[line:120] - DEBUG: 1 train loss: 0.7756178975105286 acc: 0.75
[line:120] - DEBUG: 1 train loss: 0.7510162591934204 acc: 0.84375
[line:120] - DEBUG: 1 train loss: 0.8854886293411255 acc: 0.6875
[line:120] - DEBUG: 1 train loss: 0.7798895835876465 acc: 0.78125
[line:120] - DEBUG: 1 train loss: 0.6330255270004272 acc: 1.0
[line:127] - DEBUG: train Loss: 0.8166 Acc: 0.7265
