[line:56] - DEBUG: criterion: CrossEntropyLoss
[line:58] - DEBUG: optimizer: RMSprop
[line:122] - DEBUG: 0 train loss: 1.8059746026992798 acc: 0.03125
[line:122] - DEBUG: 0 train loss: 1.7290542125701904 acc: 0.25
[line:122] - DEBUG: 0 train loss: 1.4088133573532104 acc: 0.65625
[line:122] - DEBUG: 0 train loss: 1.4900025129318237 acc: 0.5625
[line:122] - DEBUG: 0 train loss: 1.5157020092010498 acc: 0.53125
[line:122] - DEBUG: 0 train loss: 1.483016014099121 acc: 0.5625
[line:122] - DEBUG: 0 train loss: 1.6372854709625244 acc: 0.40625
[line:122] - DEBUG: 0 train loss: 1.3051046133041382 acc: 0.75
[line:122] - DEBUG: 0 train loss: 1.4527508020401 acc: 0.59375
[line:122] - DEBUG: 0 train loss: 1.482993721961975 acc: 0.5625
[line:122] - DEBUG: 0 train loss: 1.3585721254348755 acc: 0.6875
[line:122] - DEBUG: 0 train loss: 1.6377204656600952 acc: 0.40625
[line:122] - DEBUG: 0 train loss: 1.389439582824707 acc: 0.65625
[line:122] - DEBUG: 0 train loss: 1.4820318222045898 acc: 0.5625
[line:122] - DEBUG: 0 train loss: 1.5129238367080688 acc: 0.53125
[line:122] - DEBUG: 0 train loss: 1.4820042848587036 acc: 0.5625
[line:122] - DEBUG: 0 train loss: 1.5129845142364502 acc: 0.53125
[line:122] - DEBUG: 0 train loss: 1.5440971851348877 acc: 0.5
[line:122] - DEBUG: 0 train loss: 1.3884007930755615 acc: 0.65625
[line:122] - DEBUG: 0 train loss: 1.481741189956665 acc: 0.5625
[line:122] - DEBUG: 0 train loss: 1.5132429599761963 acc: 0.53125
[line:122] - DEBUG: 0 train loss: 1.4183155298233032 acc: 0.625
[line:122] - DEBUG: 0 train loss: 1.4804457426071167 acc: 0.5625
[line:122] - DEBUG: 0 train loss: 1.537318229675293 acc: 0.5
[line:122] - DEBUG: 0 train loss: 1.450068712234497 acc: 0.59375
[line:122] - DEBUG: 0 train loss: 1.4766899347305298 acc: 0.53125
[line:122] - DEBUG: 0 train loss: 1.5392277240753174 acc: 0.5
[line:122] - DEBUG: 0 train loss: 1.4632216691970825 acc: 0.59375
[line:122] - DEBUG: 0 train loss: 1.4401594400405884 acc: 0.625
[line:122] - DEBUG: 0 train loss: 1.4802234172821045 acc: 0.5625
[line:122] - DEBUG: 0 train loss: 1.5149399042129517 acc: 0.53125
[line:122] - DEBUG: 0 train loss: 1.5434242486953735 acc: 0.5
[line:122] - DEBUG: 0 train loss: 1.4502016305923462 acc: 0.59375
[line:122] - DEBUG: 0 train loss: 1.6067153215408325 acc: 0.4375
[line:122] - DEBUG: 0 train loss: 1.6060177087783813 acc: 0.4375
[line:122] - DEBUG: 0 train loss: 1.4498112201690674 acc: 0.59375
[line:122] - DEBUG: 0 train loss: 1.4825140237808228 acc: 0.5625
[line:122] - DEBUG: 0 train loss: 1.5744379758834839 acc: 0.46875
[line:122] - DEBUG: 0 train loss: 1.5746567249298096 acc: 0.46875
[line:122] - DEBUG: 0 train loss: 1.388648271560669 acc: 0.65625
[line:122] - DEBUG: 0 train loss: 1.762123942375183 acc: 0.28125
[line:122] - DEBUG: 0 train loss: 1.5443856716156006 acc: 0.5
[line:122] - DEBUG: 0 train loss: 1.512434959411621 acc: 0.53125
[line:122] - DEBUG: 0 train loss: 1.449929118156433 acc: 0.59375
[line:122] - DEBUG: 0 train loss: 1.3562896251678467 acc: 0.6875
[line:122] - DEBUG: 0 train loss: 1.4500377178192139 acc: 0.59375
[line:122] - DEBUG: 0 train loss: 1.5123032331466675 acc: 0.53125
[line:122] - DEBUG: 0 train loss: 1.5746545791625977 acc: 0.46875
[line:122] - DEBUG: 0 train loss: 1.5436900854110718 acc: 0.5
[line:122] - DEBUG: 0 train loss: 1.5426275730133057 acc: 0.5
[line:122] - DEBUG: 0 train loss: 1.2313041687011719 acc: 0.8125
[line:122] - DEBUG: 0 train loss: 1.4496021270751953 acc: 0.59375
[line:122] - DEBUG: 0 train loss: 1.6051808595657349 acc: 0.4375
[line:122] - DEBUG: 0 train loss: 1.6365067958831787 acc: 0.40625
[line:122] - DEBUG: 0 train loss: 1.38729989528656 acc: 0.65625
[line:122] - DEBUG: 0 train loss: 1.481481909751892 acc: 0.5625
[line:122] - DEBUG: 0 train loss: 1.6344321966171265 acc: 0.40625
[line:122] - DEBUG: 0 train loss: 1.5663896799087524 acc: 0.46875
[line:122] - DEBUG: 0 train loss: 1.623250961303711 acc: 0.40625
[line:122] - DEBUG: 0 train loss: 1.4592010974884033 acc: 0.59375
[line:122] - DEBUG: 0 train loss: 1.4967663288116455 acc: 0.53125
[line:122] - DEBUG: 0 train loss: 1.2784620523452759 acc: 0.75
[line:122] - DEBUG: 0 train loss: 1.5189759731292725 acc: 0.53125
[line:122] - DEBUG: 0 train loss: 1.3941057920455933 acc: 0.6875
[line:122] - DEBUG: 0 train loss: 1.5142688751220703 acc: 0.53125
[line:122] - DEBUG: 0 train loss: 1.4425981044769287 acc: 0.59375
[line:122] - DEBUG: 0 train loss: 1.4633036851882935 acc: 0.5625
[line:122] - DEBUG: 0 train loss: 1.3416873216629028 acc: 0.7000000000000001
[line:129] - DEBUG: train Loss: 1.4989 Acc: 0.5411
[line:122] - DEBUG: 0 val loss: 1.510467290878296 acc: 0.5333333333333333
[line:122] - DEBUG: 0 val loss: 1.4772299528121948 acc: 0.5666666666666667
[line:122] - DEBUG: 0 val loss: 1.5438212156295776 acc: 0.5
[line:122] - DEBUG: 0 val loss: 1.4439111948013306 acc: 0.6
[line:122] - DEBUG: 0 val loss: 1.510536789894104 acc: 0.5333333333333333
[line:122] - DEBUG: 0 val loss: 1.4189294576644897 acc: 0.625
[line:129] - DEBUG: val Loss: 1.4952 Acc: 0.5487
[line:122] - DEBUG: 1 train loss: 1.4722083806991577 acc: 0.5625
[line:122] - DEBUG: 1 train loss: 1.6119921207427979 acc: 0.4375
[line:122] - DEBUG: 1 train loss: 1.3915987014770508 acc: 0.65625
[line:122] - DEBUG: 1 train loss: 1.4420479536056519 acc: 0.59375
[line:122] - DEBUG: 1 train loss: 1.460295557975769 acc: 0.59375
[line:122] - DEBUG: 1 train loss: 1.5960596799850464 acc: 0.4375
[line:122] - DEBUG: 1 train loss: 1.4171526432037354 acc: 0.625
[line:122] - DEBUG: 1 train loss: 1.3873645067214966 acc: 0.65625
[line:122] - DEBUG: 1 train loss: 1.5369343757629395 acc: 0.5
[line:122] - DEBUG: 1 train loss: 1.2809809446334839 acc: 0.78125
[line:122] - DEBUG: 1 train loss: 1.3927407264709473 acc: 0.65625
[line:122] - DEBUG: 1 train loss: 1.4765006303787231 acc: 0.5625
[line:122] - DEBUG: 1 train loss: 1.401323914527893 acc: 0.625
[line:122] - DEBUG: 1 train loss: 1.4707419872283936 acc: 0.5625
[line:122] - DEBUG: 1 train loss: 1.464510440826416 acc: 0.59375
[line:122] - DEBUG: 1 train loss: 1.457669973373413 acc: 0.5625
[line:122] - DEBUG: 1 train loss: 1.3796851634979248 acc: 0.65625
[line:122] - DEBUG: 1 train loss: 1.4560080766677856 acc: 0.5625
[line:122] - DEBUG: 1 train loss: 1.4778432846069336 acc: 0.53125
[line:122] - DEBUG: 1 train loss: 1.453141212463379 acc: 0.59375
[line:122] - DEBUG: 1 train loss: 1.2830651998519897 acc: 0.75
[line:122] - DEBUG: 1 train loss: 1.5198622941970825 acc: 0.53125
[line:122] - DEBUG: 1 train loss: 1.3232192993164062 acc: 0.71875
[line:122] - DEBUG: 1 train loss: 1.4265248775482178 acc: 0.625
[line:122] - DEBUG: 1 train loss: 1.355846881866455 acc: 0.6875
[line:122] - DEBUG: 1 train loss: 1.4707175493240356 acc: 0.5625
[line:122] - DEBUG: 1 train loss: 1.3911030292510986 acc: 0.625
[line:122] - DEBUG: 1 train loss: 1.561322808265686 acc: 0.46875
[line:122] - DEBUG: 1 train loss: 1.3526664972305298 acc: 0.65625
[line:122] - DEBUG: 1 train loss: 1.4532470703125 acc: 0.625
[line:122] - DEBUG: 1 train loss: 1.469140648841858 acc: 0.5625
[line:122] - DEBUG: 1 train loss: 1.4077261686325073 acc: 0.65625
[line:122] - DEBUG: 1 train loss: 1.5374785661697388 acc: 0.5
[line:122] - DEBUG: 1 train loss: 1.3948440551757812 acc: 0.65625
[line:122] - DEBUG: 1 train loss: 1.4382517337799072 acc: 0.59375
[line:122] - DEBUG: 1 train loss: 1.2305115461349487 acc: 0.8125
[line:122] - DEBUG: 1 train loss: 1.59360933303833 acc: 0.46875
[line:122] - DEBUG: 1 train loss: 1.4742748737335205 acc: 0.5625
[line:122] - DEBUG: 1 train loss: 1.3649183511734009 acc: 0.6875
[line:122] - DEBUG: 1 train loss: 1.5574595928192139 acc: 0.46875
[line:122] - DEBUG: 1 train loss: 1.3334581851959229 acc: 0.71875
[line:122] - DEBUG: 1 train loss: 1.3641879558563232 acc: 0.6875
[line:122] - DEBUG: 1 train loss: 1.3287396430969238 acc: 0.71875
[line:122] - DEBUG: 1 train loss: 1.402259349822998 acc: 0.625
[line:122] - DEBUG: 1 train loss: 1.4933034181594849 acc: 0.5625
[line:122] - DEBUG: 1 train loss: 1.2899476289749146 acc: 0.75
[line:122] - DEBUG: 1 train loss: 1.5175752639770508 acc: 0.53125
[line:122] - DEBUG: 1 train loss: 1.3070638179779053 acc: 0.75
[line:122] - DEBUG: 1 train loss: 1.4146718978881836 acc: 0.625
[line:122] - DEBUG: 1 train loss: 1.4314162731170654 acc: 0.59375
[line:122] - DEBUG: 1 train loss: 1.5111664533615112 acc: 0.53125
[line:122] - DEBUG: 1 train loss: 1.3928349018096924 acc: 0.625
[line:122] - DEBUG: 1 train loss: 1.3948148488998413 acc: 0.65625
[line:122] - DEBUG: 1 train loss: 1.3280658721923828 acc: 0.71875
[line:122] - DEBUG: 1 train loss: 1.3578013181686401 acc: 0.6875
[line:122] - DEBUG: 1 train loss: 1.3382173776626587 acc: 0.6875
[line:122] - DEBUG: 1 train loss: 1.3851643800735474 acc: 0.65625
[line:122] - DEBUG: 1 train loss: 1.29452645778656 acc: 0.75
[line:122] - DEBUG: 1 train loss: 1.312126636505127 acc: 0.71875
[line:122] - DEBUG: 1 train loss: 1.4262962341308594 acc: 0.625
[line:122] - DEBUG: 1 train loss: 1.4247369766235352 acc: 0.59375
[line:122] - DEBUG: 1 train loss: 1.2494151592254639 acc: 0.78125
[line:122] - DEBUG: 1 train loss: 1.390403389930725 acc: 0.65625
[line:122] - DEBUG: 1 train loss: 1.325571060180664 acc: 0.71875
[line:122] - DEBUG: 1 train loss: 1.5024454593658447 acc: 0.53125
[line:122] - DEBUG: 1 train loss: 1.3557432889938354 acc: 0.6875
[line:122] - DEBUG: 1 train loss: 1.3008430004119873 acc: 0.75
[line:122] - DEBUG: 1 train loss: 1.270821213722229 acc: 0.8
[line:129] - DEBUG: train Loss: 1.4137 Acc: 0.6271
[line:122] - DEBUG: 1 val loss: 1.4544786214828491 acc: 0.5833333333333334
[line:122] - DEBUG: 1 val loss: 1.6477457284927368 acc: 0.3833333333333333
[line:122] - DEBUG: 1 val loss: 1.5664430856704712 acc: 0.4666666666666667
[line:122] - DEBUG: 1 val loss: 1.5714421272277832 acc: 0.48333333333333334
[line:122] - DEBUG: 1 val loss: 1.554593801498413 acc: 0.4666666666666667
[line:122] - DEBUG: 1 val loss: 1.6683698892593384 acc: 0.375
[line:129] - DEBUG: val Loss: 1.5618 Acc: 0.4740
[line:122] - DEBUG: 2 train loss: 1.4339178800582886 acc: 0.625
[line:122] - DEBUG: 2 train loss: 1.2917667627334595 acc: 0.75
[line:122] - DEBUG: 2 train loss: 1.4407227039337158 acc: 0.59375
[line:122] - DEBUG: 2 train loss: 1.324123501777649 acc: 0.71875
[line:122] - DEBUG: 2 train loss: 1.4487943649291992 acc: 0.59375
[line:122] - DEBUG: 2 train loss: 1.2130755186080933 acc: 0.84375
[line:122] - DEBUG: 2 train loss: 1.374308705329895 acc: 0.65625
[line:122] - DEBUG: 2 train loss: 1.5177103281021118 acc: 0.53125
[line:122] - DEBUG: 2 train loss: 1.388117790222168 acc: 0.625
[line:122] - DEBUG: 2 train loss: 1.4623090028762817 acc: 0.5625
[line:122] - DEBUG: 2 train loss: 1.419372797012329 acc: 0.625
[line:122] - DEBUG: 2 train loss: 1.4696167707443237 acc: 0.5625
[line:122] - DEBUG: 2 train loss: 1.347388744354248 acc: 0.6875
[line:122] - DEBUG: 2 train loss: 1.285233497619629 acc: 0.75
[line:122] - DEBUG: 2 train loss: 1.516649842262268 acc: 0.5
[line:122] - DEBUG: 2 train loss: 1.4812777042388916 acc: 0.5625
[line:122] - DEBUG: 2 train loss: 1.3930457830429077 acc: 0.625
[line:122] - DEBUG: 2 train loss: 1.3606947660446167 acc: 0.65625
[line:122] - DEBUG: 2 train loss: 1.2967915534973145 acc: 0.75
[line:122] - DEBUG: 2 train loss: 1.3509399890899658 acc: 0.6875
[line:122] - DEBUG: 2 train loss: 1.3853330612182617 acc: 0.65625
[line:122] - DEBUG: 2 train loss: 1.4167135953903198 acc: 0.625
[line:122] - DEBUG: 2 train loss: 1.422605276107788 acc: 0.65625
[line:122] - DEBUG: 2 train loss: 1.4998613595962524 acc: 0.5625
[line:122] - DEBUG: 2 train loss: 1.362224817276001 acc: 0.65625
[line:122] - DEBUG: 2 train loss: 1.3902854919433594 acc: 0.65625
[line:122] - DEBUG: 2 train loss: 1.3433632850646973 acc: 0.6875
[line:122] - DEBUG: 2 train loss: 1.3433732986450195 acc: 0.6875
[line:122] - DEBUG: 2 train loss: 1.5511523485183716 acc: 0.4375
[line:122] - DEBUG: 2 train loss: 1.394622802734375 acc: 0.65625
[line:122] - DEBUG: 2 train loss: 1.3691574335098267 acc: 0.6875
[line:122] - DEBUG: 2 train loss: 1.1958539485931396 acc: 0.84375
[line:122] - DEBUG: 2 train loss: 1.3326280117034912 acc: 0.71875
[line:122] - DEBUG: 2 train loss: 1.3344435691833496 acc: 0.6875
[line:122] - DEBUG: 2 train loss: 1.417150855064392 acc: 0.625
[line:122] - DEBUG: 2 train loss: 1.3536754846572876 acc: 0.6875
[line:122] - DEBUG: 2 train loss: 1.2944073677062988 acc: 0.75
[line:122] - DEBUG: 2 train loss: 1.4117531776428223 acc: 0.625
[line:122] - DEBUG: 2 train loss: 1.299849271774292 acc: 0.75
[line:122] - DEBUG: 2 train loss: 1.4740490913391113 acc: 0.53125
[line:122] - DEBUG: 2 train loss: 1.2887428998947144 acc: 0.75
[line:122] - DEBUG: 2 train loss: 1.234035611152649 acc: 0.8125
[line:122] - DEBUG: 2 train loss: 1.3943750858306885 acc: 0.625
[line:122] - DEBUG: 2 train loss: 1.3977235555648804 acc: 0.625
[line:122] - DEBUG: 2 train loss: 1.3202403783798218 acc: 0.71875
[line:122] - DEBUG: 2 train loss: 1.271586537361145 acc: 0.78125
[line:122] - DEBUG: 2 train loss: 1.228243112564087 acc: 0.8125
[line:122] - DEBUG: 2 train loss: 1.4549713134765625 acc: 0.59375
[line:122] - DEBUG: 2 train loss: 1.4506161212921143 acc: 0.59375
[line:122] - DEBUG: 2 train loss: 1.3082847595214844 acc: 0.75
[line:122] - DEBUG: 2 train loss: 1.3506484031677246 acc: 0.6875
[line:122] - DEBUG: 2 train loss: 1.3922269344329834 acc: 0.65625
[line:122] - DEBUG: 2 train loss: 1.4510737657546997 acc: 0.59375
[line:122] - DEBUG: 2 train loss: 1.344199299812317 acc: 0.6875
[line:122] - DEBUG: 2 train loss: 1.3884129524230957 acc: 0.65625
[line:122] - DEBUG: 2 train loss: 1.2769651412963867 acc: 0.75
[line:122] - DEBUG: 2 train loss: 1.2902023792266846 acc: 0.75
[line:122] - DEBUG: 2 train loss: 1.277663230895996 acc: 0.78125
[line:122] - DEBUG: 2 train loss: 1.2895493507385254 acc: 0.75
[line:122] - DEBUG: 2 train loss: 1.5378037691116333 acc: 0.5
[line:122] - DEBUG: 2 train loss: 1.5410646200180054 acc: 0.5
[line:122] - DEBUG: 2 train loss: 1.5135276317596436 acc: 0.53125
[line:122] - DEBUG: 2 train loss: 1.270830512046814 acc: 0.75
[line:122] - DEBUG: 2 train loss: 1.2201181650161743 acc: 0.84375
[line:122] - DEBUG: 2 train loss: 1.34345281124115 acc: 0.6875
[line:122] - DEBUG: 2 train loss: 1.3815001249313354 acc: 0.65625
[line:122] - DEBUG: 2 train loss: 1.4161975383758545 acc: 0.625
[line:122] - DEBUG: 2 train loss: 1.2951068878173828 acc: 0.75
[line:129] - DEBUG: train Loss: 1.3730 Acc: 0.6659
[line:122] - DEBUG: 2 val loss: 1.3826590776443481 acc: 0.6666666666666666
[line:122] - DEBUG: 2 val loss: 1.401511788368225 acc: 0.6166666666666667
[line:122] - DEBUG: 2 val loss: 1.4871824979782104 acc: 0.55
[line:122] - DEBUG: 2 val loss: 1.3366525173187256 acc: 0.7166666666666667
[line:122] - DEBUG: 2 val loss: 1.4119313955307007 acc: 0.6166666666666667
[line:122] - DEBUG: 2 val loss: 1.660162091255188 acc: 0.375
[line:129] - DEBUG: val Loss: 1.4106 Acc: 0.6266
[line:122] - DEBUG: 3 train loss: 1.4877878427505493 acc: 0.5625
[line:122] - DEBUG: 3 train loss: 1.4103937149047852 acc: 0.625
[line:122] - DEBUG: 3 train loss: 1.38496994972229 acc: 0.65625
[line:122] - DEBUG: 3 train loss: 1.2640211582183838 acc: 0.78125
[line:122] - DEBUG: 3 train loss: 1.261547565460205 acc: 0.78125
[line:122] - DEBUG: 3 train loss: 1.514557123184204 acc: 0.53125
[line:122] - DEBUG: 3 train loss: 1.329296350479126 acc: 0.71875
[line:122] - DEBUG: 3 train loss: 1.3305894136428833 acc: 0.71875
[line:122] - DEBUG: 3 train loss: 1.2987964153289795 acc: 0.71875
[line:122] - DEBUG: 3 train loss: 1.3846259117126465 acc: 0.625
[line:122] - DEBUG: 3 train loss: 1.321968913078308 acc: 0.71875
[line:122] - DEBUG: 3 train loss: 1.3072404861450195 acc: 0.71875
[line:122] - DEBUG: 3 train loss: 1.4075498580932617 acc: 0.625
[line:122] - DEBUG: 3 train loss: 1.3192219734191895 acc: 0.71875
[line:122] - DEBUG: 3 train loss: 1.2428524494171143 acc: 0.8125
[line:122] - DEBUG: 3 train loss: 1.482659101486206 acc: 0.5625
[line:122] - DEBUG: 3 train loss: 1.2955312728881836 acc: 0.75
[line:122] - DEBUG: 3 train loss: 1.3192651271820068 acc: 0.71875
[line:122] - DEBUG: 3 train loss: 1.3231955766677856 acc: 0.71875
[line:122] - DEBUG: 3 train loss: 1.4158307313919067 acc: 0.625
[line:122] - DEBUG: 3 train loss: 1.4207448959350586 acc: 0.625
[line:122] - DEBUG: 3 train loss: 1.3164881467819214 acc: 0.71875
[line:122] - DEBUG: 3 train loss: 1.3372617959976196 acc: 0.71875
[line:122] - DEBUG: 3 train loss: 1.3950508832931519 acc: 0.65625
[line:122] - DEBUG: 3 train loss: 1.3891263008117676 acc: 0.65625
[line:122] - DEBUG: 3 train loss: 1.2216010093688965 acc: 0.8125
[line:122] - DEBUG: 3 train loss: 1.2381486892700195 acc: 0.8125
[line:122] - DEBUG: 3 train loss: 1.3603558540344238 acc: 0.6875
[line:122] - DEBUG: 3 train loss: 1.2827357053756714 acc: 0.75
[line:122] - DEBUG: 3 train loss: 1.3202251195907593 acc: 0.71875
[line:122] - DEBUG: 3 train loss: 1.3261302709579468 acc: 0.71875
[line:122] - DEBUG: 3 train loss: 1.2865879535675049 acc: 0.75
[line:122] - DEBUG: 3 train loss: 1.4705678224563599 acc: 0.5625
[line:122] - DEBUG: 3 train loss: 1.360694408416748 acc: 0.6875
[line:122] - DEBUG: 3 train loss: 1.4538109302520752 acc: 0.59375
[line:122] - DEBUG: 3 train loss: 1.3011903762817383 acc: 0.75
[line:122] - DEBUG: 3 train loss: 1.2601183652877808 acc: 0.78125
[line:122] - DEBUG: 3 train loss: 1.347945213317871 acc: 0.6875
[line:122] - DEBUG: 3 train loss: 1.2620657682418823 acc: 0.78125
[line:122] - DEBUG: 3 train loss: 1.4967570304870605 acc: 0.53125
[line:122] - DEBUG: 3 train loss: 1.313506841659546 acc: 0.71875
[line:122] - DEBUG: 3 train loss: 1.3283177614212036 acc: 0.71875
[line:122] - DEBUG: 3 train loss: 1.3132597208023071 acc: 0.75
[line:122] - DEBUG: 3 train loss: 1.3928710222244263 acc: 0.65625
[line:122] - DEBUG: 3 train loss: 1.4452401399612427 acc: 0.59375
[line:122] - DEBUG: 3 train loss: 1.3183660507202148 acc: 0.71875
[line:122] - DEBUG: 3 train loss: 1.3589593172073364 acc: 0.6875
[line:122] - DEBUG: 3 train loss: 1.4667890071868896 acc: 0.59375
[line:122] - DEBUG: 3 train loss: 1.403387427330017 acc: 0.625
[line:122] - DEBUG: 3 train loss: 1.3422319889068604 acc: 0.6875
[line:122] - DEBUG: 3 train loss: 1.375688910484314 acc: 0.65625
[line:122] - DEBUG: 3 train loss: 1.2846118211746216 acc: 0.71875
[line:122] - DEBUG: 3 train loss: 1.3335822820663452 acc: 0.71875
[line:122] - DEBUG: 3 train loss: 1.46475350856781 acc: 0.5625
[line:122] - DEBUG: 3 train loss: 1.3345164060592651 acc: 0.6875
[line:122] - DEBUG: 3 train loss: 1.372333288192749 acc: 0.6875
[line:122] - DEBUG: 3 train loss: 1.3224804401397705 acc: 0.71875
[line:122] - DEBUG: 3 train loss: 1.2700603008270264 acc: 0.78125
[line:122] - DEBUG: 3 train loss: 1.3667885065078735 acc: 0.65625
[line:122] - DEBUG: 3 train loss: 1.3201736211776733 acc: 0.75
[line:122] - DEBUG: 3 train loss: 1.4307266473770142 acc: 0.625
[line:122] - DEBUG: 3 train loss: 1.336400032043457 acc: 0.71875
[line:122] - DEBUG: 3 train loss: 1.451967477798462 acc: 0.5625
[line:122] - DEBUG: 3 train loss: 1.4273629188537598 acc: 0.625
[line:122] - DEBUG: 3 train loss: 1.4458695650100708 acc: 0.59375
[line:122] - DEBUG: 3 train loss: 1.292770266532898 acc: 0.75
[line:122] - DEBUG: 3 train loss: 1.3946300745010376 acc: 0.625
[line:122] - DEBUG: 3 train loss: 1.3998472690582275 acc: 0.65
[line:129] - DEBUG: train Loss: 1.3565 Acc: 0.6844
[line:122] - DEBUG: 3 val loss: 1.2667711973190308 acc: 0.7833333333333333
[line:122] - DEBUG: 3 val loss: 1.2880923748016357 acc: 0.7333333333333333
[line:122] - DEBUG: 3 val loss: 1.4406448602676392 acc: 0.6
[line:122] - DEBUG: 3 val loss: 1.335207223892212 acc: 0.7166666666666667
[line:122] - DEBUG: 3 val loss: 1.3221142292022705 acc: 0.7333333333333333
[line:122] - DEBUG: 3 val loss: 1.4284422397613525 acc: 0.625
[line:129] - DEBUG: val Loss: 1.3331 Acc: 0.7110
[line:122] - DEBUG: 4 train loss: 1.4785770177841187 acc: 0.5625
[line:122] - DEBUG: 4 train loss: 1.2894930839538574 acc: 0.75
[line:122] - DEBUG: 4 train loss: 1.3019273281097412 acc: 0.71875
[line:122] - DEBUG: 4 train loss: 1.2828075885772705 acc: 0.75
[line:122] - DEBUG: 4 train loss: 1.3151923418045044 acc: 0.75
[line:122] - DEBUG: 4 train loss: 1.4676421880722046 acc: 0.5625
[line:122] - DEBUG: 4 train loss: 1.4006247520446777 acc: 0.65625
[line:122] - DEBUG: 4 train loss: 1.346736192703247 acc: 0.6875
[line:122] - DEBUG: 4 train loss: 1.3921278715133667 acc: 0.65625
[line:122] - DEBUG: 4 train loss: 1.5162107944488525 acc: 0.53125
[line:122] - DEBUG: 4 train loss: 1.3889480829238892 acc: 0.65625
[line:122] - DEBUG: 4 train loss: 1.4859552383422852 acc: 0.5625
[line:122] - DEBUG: 4 train loss: 1.243708848953247 acc: 0.78125
[line:122] - DEBUG: 4 train loss: 1.2588647603988647 acc: 0.78125
[line:122] - DEBUG: 4 train loss: 1.4414291381835938 acc: 0.59375
[line:122] - DEBUG: 4 train loss: 1.3849657773971558 acc: 0.65625
[line:122] - DEBUG: 4 train loss: 1.3827589750289917 acc: 0.65625
[line:122] - DEBUG: 4 train loss: 1.286563515663147 acc: 0.75
[line:122] - DEBUG: 4 train loss: 1.3530304431915283 acc: 0.6875
[line:122] - DEBUG: 4 train loss: 1.409679651260376 acc: 0.625
[line:122] - DEBUG: 4 train loss: 1.3881343603134155 acc: 0.65625
[line:122] - DEBUG: 4 train loss: 1.386720061302185 acc: 0.65625
[line:122] - DEBUG: 4 train loss: 1.3804339170455933 acc: 0.65625
[line:122] - DEBUG: 4 train loss: 1.1807199716567993 acc: 0.875
[line:122] - DEBUG: 4 train loss: 1.3564039468765259 acc: 0.6875
[line:122] - DEBUG: 4 train loss: 1.2355948686599731 acc: 0.8125
[line:122] - DEBUG: 4 train loss: 1.3069044351577759 acc: 0.75
[line:122] - DEBUG: 4 train loss: 1.3438552618026733 acc: 0.71875
[line:122] - DEBUG: 4 train loss: 1.2292319536209106 acc: 0.8125
[line:122] - DEBUG: 4 train loss: 1.4149919748306274 acc: 0.625
[line:122] - DEBUG: 4 train loss: 1.2598084211349487 acc: 0.8125
[line:122] - DEBUG: 4 train loss: 1.2141609191894531 acc: 0.84375
[line:122] - DEBUG: 4 train loss: 1.26112961769104 acc: 0.78125
[line:122] - DEBUG: 4 train loss: 1.3811051845550537 acc: 0.65625
[line:122] - DEBUG: 4 train loss: 1.4357011318206787 acc: 0.59375
[line:122] - DEBUG: 4 train loss: 1.2317609786987305 acc: 0.8125
[line:122] - DEBUG: 4 train loss: 1.2968586683273315 acc: 0.75
[line:122] - DEBUG: 4 train loss: 1.394442081451416 acc: 0.625
[line:122] - DEBUG: 4 train loss: 1.2311965227127075 acc: 0.8125
[line:122] - DEBUG: 4 train loss: 1.2675741910934448 acc: 0.78125
[line:122] - DEBUG: 4 train loss: 1.25706946849823 acc: 0.78125
[line:122] - DEBUG: 4 train loss: 1.4141497611999512 acc: 0.625
[line:122] - DEBUG: 4 train loss: 1.381011724472046 acc: 0.65625
[line:122] - DEBUG: 4 train loss: 1.2629575729370117 acc: 0.78125
[line:122] - DEBUG: 4 train loss: 1.3315069675445557 acc: 0.71875
[line:122] - DEBUG: 4 train loss: 1.2013206481933594 acc: 0.84375
[line:122] - DEBUG: 4 train loss: 1.425903558731079 acc: 0.625
[line:122] - DEBUG: 4 train loss: 1.1698260307312012 acc: 0.875
[line:122] - DEBUG: 4 train loss: 1.4572535753250122 acc: 0.59375
[line:122] - DEBUG: 4 train loss: 1.2477508783340454 acc: 0.78125
[line:122] - DEBUG: 4 train loss: 1.4009507894515991 acc: 0.625
[line:122] - DEBUG: 4 train loss: 1.3591758012771606 acc: 0.6875
[line:122] - DEBUG: 4 train loss: 1.413179636001587 acc: 0.625
[line:122] - DEBUG: 4 train loss: 1.3816605806350708 acc: 0.65625
[line:122] - DEBUG: 4 train loss: 1.395820140838623 acc: 0.65625
[line:122] - DEBUG: 4 train loss: 1.3196042776107788 acc: 0.71875
[line:122] - DEBUG: 4 train loss: 1.3549383878707886 acc: 0.6875
[line:122] - DEBUG: 4 train loss: 1.4373066425323486 acc: 0.59375
[line:122] - DEBUG: 4 train loss: 1.3639134168624878 acc: 0.6875
[line:122] - DEBUG: 4 train loss: 1.2951771020889282 acc: 0.75
[line:122] - DEBUG: 4 train loss: 1.3810079097747803 acc: 0.65625
[line:122] - DEBUG: 4 train loss: 1.4232813119888306 acc: 0.59375
[line:122] - DEBUG: 4 train loss: 1.344029188156128 acc: 0.6875
[line:122] - DEBUG: 4 train loss: 1.398875117301941 acc: 0.625
[line:122] - DEBUG: 4 train loss: 1.2665942907333374 acc: 0.78125
[line:122] - DEBUG: 4 train loss: 1.2696300745010376 acc: 0.78125
[line:122] - DEBUG: 4 train loss: 1.2616139650344849 acc: 0.78125
[line:122] - DEBUG: 4 train loss: 1.3882259130477905 acc: 0.65
[line:129] - DEBUG: train Loss: 1.3413 Acc: 0.7006
[line:122] - DEBUG: 4 val loss: 1.3593913316726685 acc: 0.6833333333333333
[line:122] - DEBUG: 4 val loss: 1.3120238780975342 acc: 0.7333333333333333
[line:122] - DEBUG: 4 val loss: 1.4426493644714355 acc: 0.6
[line:122] - DEBUG: 4 val loss: 1.3196858167648315 acc: 0.7166666666666667
[line:122] - DEBUG: 4 val loss: 1.3531811237335205 acc: 0.6833333333333333
[line:122] - DEBUG: 4 val loss: 1.3419342041015625 acc: 0.75
[line:129] - DEBUG: val Loss: 1.3570 Acc: 0.6851
[line:122] - DEBUG: 5 train loss: 1.4763376712799072 acc: 0.5625
[line:122] - DEBUG: 5 train loss: 1.2928340435028076 acc: 0.75
[line:122] - DEBUG: 5 train loss: 1.2600442171096802 acc: 0.78125
[line:122] - DEBUG: 5 train loss: 1.238847017288208 acc: 0.8125
