[line:53] - DEBUG: criterion: CrossEntropyLoss
[line:55] - DEBUG: optimizer: RMSprop
[line:119] - DEBUG: 0 train loss: 1.7985998392105103 acc: 0.0
[line:119] - DEBUG: 0 train loss: 1.5220576524734497 acc: 0.59375
[line:119] - DEBUG: 0 train loss: 1.4581799507141113 acc: 0.59375
[line:119] - DEBUG: 0 train loss: 1.5452877283096313 acc: 0.5
[line:119] - DEBUG: 0 train loss: 1.4222161769866943 acc: 0.625
[line:119] - DEBUG: 0 train loss: 1.5749971866607666 acc: 0.46875
[line:119] - DEBUG: 0 train loss: 1.4809950590133667 acc: 0.5625
[line:119] - DEBUG: 0 train loss: 1.320505976676941 acc: 0.71875
[line:119] - DEBUG: 0 train loss: 1.4591341018676758 acc: 0.59375
[line:119] - DEBUG: 0 train loss: 1.5897836685180664 acc: 0.4375
[line:119] - DEBUG: 0 train loss: 1.5937072038650513 acc: 0.4375
[line:119] - DEBUG: 0 train loss: 1.491093397140503 acc: 0.5625
[line:119] - DEBUG: 0 train loss: 1.5731415748596191 acc: 0.46875
[line:119] - DEBUG: 0 train loss: 1.418173909187317 acc: 0.625
[line:119] - DEBUG: 0 train loss: 1.4563590288162231 acc: 0.59375
[line:119] - DEBUG: 0 train loss: 1.4652483463287354 acc: 0.59375
[line:119] - DEBUG: 0 train loss: 1.4613711833953857 acc: 0.59375
[line:119] - DEBUG: 0 train loss: 1.6058679819107056 acc: 0.46875
[line:119] - DEBUG: 0 train loss: 1.492614984512329 acc: 0.5625
[line:119] - DEBUG: 0 train loss: 1.4020273685455322 acc: 0.65625
[line:119] - DEBUG: 0 train loss: 1.5221576690673828 acc: 0.5
[line:119] - DEBUG: 0 train loss: 1.3522567749023438 acc: 0.6875
[line:119] - DEBUG: 0 train loss: 1.4211994409561157 acc: 0.625
[line:119] - DEBUG: 0 train loss: 1.4738112688064575 acc: 0.5625
[line:119] - DEBUG: 0 train loss: 1.4413560628890991 acc: 0.59375
[line:119] - DEBUG: 0 train loss: 1.4597612619400024 acc: 0.59375
[line:119] - DEBUG: 0 train loss: 1.5545053482055664 acc: 0.5
[line:119] - DEBUG: 0 train loss: 1.6148728132247925 acc: 0.4375
[line:119] - DEBUG: 0 train loss: 1.49578058719635 acc: 0.53125
[line:119] - DEBUG: 0 train loss: 1.6616379022598267 acc: 0.375
[line:119] - DEBUG: 0 train loss: 1.341990351676941 acc: 0.6875
[line:119] - DEBUG: 0 train loss: 1.4672437906265259 acc: 0.5625
[line:119] - DEBUG: 0 train loss: 1.3726153373718262 acc: 0.6875
[line:119] - DEBUG: 0 train loss: 1.544515609741211 acc: 0.5
[line:119] - DEBUG: 0 train loss: 1.403289794921875 acc: 0.625
[line:119] - DEBUG: 0 train loss: 1.454396367073059 acc: 0.5625
[line:119] - DEBUG: 0 train loss: 1.449242115020752 acc: 0.5625
[line:119] - DEBUG: 0 train loss: 1.5330265760421753 acc: 0.5
[line:119] - DEBUG: 0 train loss: 1.5733011960983276 acc: 0.46875
[line:119] - DEBUG: 0 train loss: 1.4151965379714966 acc: 0.65625
[line:119] - DEBUG: 0 train loss: 1.5116944313049316 acc: 0.5
[line:119] - DEBUG: 0 train loss: 1.375783920288086 acc: 0.625
[line:119] - DEBUG: 0 train loss: 1.3941771984100342 acc: 0.65625
[line:119] - DEBUG: 0 train loss: 1.4830807447433472 acc: 0.5625
[line:119] - DEBUG: 0 train loss: 1.3968217372894287 acc: 0.65625
[line:119] - DEBUG: 0 train loss: 1.414353370666504 acc: 0.625
[line:119] - DEBUG: 0 train loss: 1.3714373111724854 acc: 0.65625
[line:119] - DEBUG: 0 train loss: 1.573805809020996 acc: 0.46875
[line:119] - DEBUG: 0 train loss: 1.333722472190857 acc: 0.71875
[line:119] - DEBUG: 0 train loss: 1.486624002456665 acc: 0.5625
[line:119] - DEBUG: 0 train loss: 1.3871452808380127 acc: 0.65625
[line:119] - DEBUG: 0 train loss: 1.5126534700393677 acc: 0.53125
[line:119] - DEBUG: 0 train loss: 1.4718989133834839 acc: 0.59375
[line:119] - DEBUG: 0 train loss: 1.498410701751709 acc: 0.53125
[line:119] - DEBUG: 0 train loss: 1.4768375158309937 acc: 0.59375
[line:119] - DEBUG: 0 train loss: 1.388824701309204 acc: 0.625
[line:119] - DEBUG: 0 train loss: 1.3554707765579224 acc: 0.6875
[line:119] - DEBUG: 0 train loss: 1.5113470554351807 acc: 0.53125
[line:119] - DEBUG: 0 train loss: 1.3072426319122314 acc: 0.71875
[line:119] - DEBUG: 0 train loss: 1.2776203155517578 acc: 0.75
[line:119] - DEBUG: 0 train loss: 1.3782483339309692 acc: 0.65625
[line:119] - DEBUG: 0 train loss: 1.5066341161727905 acc: 0.53125
[line:119] - DEBUG: 0 train loss: 1.481055498123169 acc: 0.59375
[line:119] - DEBUG: 0 train loss: 1.4470150470733643 acc: 0.59375
[line:119] - DEBUG: 0 train loss: 1.3727619647979736 acc: 0.6875
[line:119] - DEBUG: 0 train loss: 1.533966064453125 acc: 0.5
[line:119] - DEBUG: 0 train loss: 1.478209376335144 acc: 0.5625
[line:119] - DEBUG: 0 train loss: 1.437036156654358 acc: 0.6000000000000001
[line:126] - DEBUG: train Loss: 1.4685 Acc: 0.5712
[line:119] - DEBUG: 0 val loss: 1.4936474561691284 acc: 0.55
[line:119] - DEBUG: 0 val loss: 1.6102256774902344 acc: 0.43333333333333335
[line:119] - DEBUG: 0 val loss: 1.443697214126587 acc: 0.6
[line:119] - DEBUG: 0 val loss: 1.493672490119934 acc: 0.55
[line:119] - DEBUG: 0 val loss: 1.44369375705719 acc: 0.6
[line:119] - DEBUG: 0 val loss: 1.4187690019607544 acc: 0.625
[line:126] - DEBUG: val Loss: 1.4950 Acc: 0.5487
[line:119] - DEBUG: 1 train loss: 1.5120658874511719 acc: 0.53125
[line:119] - DEBUG: 1 train loss: 1.4325813055038452 acc: 0.59375
[line:119] - DEBUG: 1 train loss: 1.594375729560852 acc: 0.4375
[line:119] - DEBUG: 1 train loss: 1.4196089506149292 acc: 0.625
[line:119] - DEBUG: 1 train loss: 1.5335227251052856 acc: 0.5
[line:119] - DEBUG: 1 train loss: 1.3511720895767212 acc: 0.71875
[line:119] - DEBUG: 1 train loss: 1.4548892974853516 acc: 0.5625
[line:119] - DEBUG: 1 train loss: 1.4779702425003052 acc: 0.5625
[line:119] - DEBUG: 1 train loss: 1.370849847793579 acc: 0.6875
[line:119] - DEBUG: 1 train loss: 1.4288763999938965 acc: 0.59375
[line:119] - DEBUG: 1 train loss: 1.624340534210205 acc: 0.40625
[line:119] - DEBUG: 1 train loss: 1.476304292678833 acc: 0.5625
[line:119] - DEBUG: 1 train loss: 1.3813951015472412 acc: 0.6875
[line:119] - DEBUG: 1 train loss: 1.319913387298584 acc: 0.71875
[line:119] - DEBUG: 1 train loss: 1.4088464975357056 acc: 0.625
[line:119] - DEBUG: 1 train loss: 1.3249211311340332 acc: 0.71875
[line:119] - DEBUG: 1 train loss: 1.378211259841919 acc: 0.65625
[line:119] - DEBUG: 1 train loss: 1.3120108842849731 acc: 0.75
[line:119] - DEBUG: 1 train loss: 1.3929225206375122 acc: 0.65625
[line:119] - DEBUG: 1 train loss: 1.4110350608825684 acc: 0.65625
[line:119] - DEBUG: 1 train loss: 1.3594474792480469 acc: 0.6875
[line:119] - DEBUG: 1 train loss: 1.438443660736084 acc: 0.59375
[line:119] - DEBUG: 1 train loss: 1.3638696670532227 acc: 0.65625
[line:119] - DEBUG: 1 train loss: 1.2955430746078491 acc: 0.75
[line:119] - DEBUG: 1 train loss: 1.3391854763031006 acc: 0.71875
[line:119] - DEBUG: 1 train loss: 1.3660880327224731 acc: 0.65625
[line:119] - DEBUG: 1 train loss: 1.4152787923812866 acc: 0.625
[line:119] - DEBUG: 1 train loss: 1.3196702003479004 acc: 0.71875
[line:119] - DEBUG: 1 train loss: 1.4933737516403198 acc: 0.5625
[line:119] - DEBUG: 1 train loss: 1.4506009817123413 acc: 0.59375
[line:119] - DEBUG: 1 train loss: 1.3754658699035645 acc: 0.6875
[line:119] - DEBUG: 1 train loss: 1.4679795503616333 acc: 0.59375
[line:119] - DEBUG: 1 train loss: 1.322944164276123 acc: 0.75
[line:119] - DEBUG: 1 train loss: 1.3702812194824219 acc: 0.65625
[line:119] - DEBUG: 1 train loss: 1.4759259223937988 acc: 0.5625
[line:119] - DEBUG: 1 train loss: 1.4488637447357178 acc: 0.59375
[line:119] - DEBUG: 1 train loss: 1.23355233669281 acc: 0.8125
[line:119] - DEBUG: 1 train loss: 1.2352628707885742 acc: 0.8125
[line:119] - DEBUG: 1 train loss: 1.4185112714767456 acc: 0.625
[line:119] - DEBUG: 1 train loss: 1.2079280614852905 acc: 0.84375
[line:119] - DEBUG: 1 train loss: 1.232377052307129 acc: 0.8125
[line:119] - DEBUG: 1 train loss: 1.4199244976043701 acc: 0.625
[line:119] - DEBUG: 1 train loss: 1.5368506908416748 acc: 0.46875
[line:119] - DEBUG: 1 train loss: 1.5025215148925781 acc: 0.53125
[line:119] - DEBUG: 1 train loss: 1.283355951309204 acc: 0.78125
[line:119] - DEBUG: 1 train loss: 1.4625301361083984 acc: 0.5625
[line:119] - DEBUG: 1 train loss: 1.241999626159668 acc: 0.8125
[line:119] - DEBUG: 1 train loss: 1.3011977672576904 acc: 0.75
[line:119] - DEBUG: 1 train loss: 1.2963768243789673 acc: 0.71875
[line:119] - DEBUG: 1 train loss: 1.3923200368881226 acc: 0.65625
[line:119] - DEBUG: 1 train loss: 1.4882272481918335 acc: 0.53125
[line:119] - DEBUG: 1 train loss: 1.4021517038345337 acc: 0.65625
[line:119] - DEBUG: 1 train loss: 1.3860529661178589 acc: 0.65625
[line:119] - DEBUG: 1 train loss: 1.2931571006774902 acc: 0.75
[line:119] - DEBUG: 1 train loss: 1.251414179801941 acc: 0.78125
[line:119] - DEBUG: 1 train loss: 1.177152395248413 acc: 0.875
[line:119] - DEBUG: 1 train loss: 1.635585904121399 acc: 0.40625
[line:119] - DEBUG: 1 train loss: 1.3999271392822266 acc: 0.625
[line:119] - DEBUG: 1 train loss: 1.3017051219940186 acc: 0.75
[line:119] - DEBUG: 1 train loss: 1.4427586793899536 acc: 0.59375
[line:119] - DEBUG: 1 train loss: 1.4450994729995728 acc: 0.59375
[line:119] - DEBUG: 1 train loss: 1.3243416547775269 acc: 0.75
[line:119] - DEBUG: 1 train loss: 1.5398812294006348 acc: 0.5
[line:119] - DEBUG: 1 train loss: 1.3986051082611084 acc: 0.65625
[line:119] - DEBUG: 1 train loss: 1.4746795892715454 acc: 0.5625
[line:119] - DEBUG: 1 train loss: 1.3199573755264282 acc: 0.6875
[line:119] - DEBUG: 1 train loss: 1.319377064704895 acc: 0.71875
[line:119] - DEBUG: 1 train loss: 1.349963903427124 acc: 0.7000000000000001
[line:126] - DEBUG: train Loss: 1.3918 Acc: 0.6506
[line:119] - DEBUG: 1 val loss: 1.3806954622268677 acc: 0.65
[line:119] - DEBUG: 1 val loss: 1.3936004638671875 acc: 0.65
[line:119] - DEBUG: 1 val loss: 1.5079331398010254 acc: 0.5333333333333333
[line:119] - DEBUG: 1 val loss: 1.474535346031189 acc: 0.55
[line:119] - DEBUG: 1 val loss: 1.387844443321228 acc: 0.65
[line:119] - DEBUG: 1 val loss: 1.2745349407196045 acc: 0.75
[line:126] - DEBUG: val Loss: 1.4249 Acc: 0.6104
[line:119] - DEBUG: 2 train loss: 1.3294978141784668 acc: 0.71875
[line:119] - DEBUG: 2 train loss: 1.3946717977523804 acc: 0.65625
[line:119] - DEBUG: 2 train loss: 1.6229456663131714 acc: 0.40625
[line:119] - DEBUG: 2 train loss: 1.381306529045105 acc: 0.65625
[line:119] - DEBUG: 2 train loss: 1.3542327880859375 acc: 0.6875
[line:119] - DEBUG: 2 train loss: 1.331154227256775 acc: 0.71875
[line:119] - DEBUG: 2 train loss: 1.377894401550293 acc: 0.65625
[line:119] - DEBUG: 2 train loss: 1.271711826324463 acc: 0.78125
[line:119] - DEBUG: 2 train loss: 1.5160799026489258 acc: 0.53125
[line:119] - DEBUG: 2 train loss: 1.311310052871704 acc: 0.71875
[line:119] - DEBUG: 2 train loss: 1.310106635093689 acc: 0.75
[line:119] - DEBUG: 2 train loss: 1.4365122318267822 acc: 0.59375
[line:119] - DEBUG: 2 train loss: 1.383946180343628 acc: 0.65625
[line:119] - DEBUG: 2 train loss: 1.4812170267105103 acc: 0.5625
[line:119] - DEBUG: 2 train loss: 1.2797136306762695 acc: 0.78125
[line:119] - DEBUG: 2 train loss: 1.2995805740356445 acc: 0.75
[line:119] - DEBUG: 2 train loss: 1.3540476560592651 acc: 0.6875
[line:119] - DEBUG: 2 train loss: 1.3376668691635132 acc: 0.71875
[line:119] - DEBUG: 2 train loss: 1.3820295333862305 acc: 0.65625
[line:119] - DEBUG: 2 train loss: 1.4610098600387573 acc: 0.59375
[line:119] - DEBUG: 2 train loss: 1.3467786312103271 acc: 0.71875
[line:119] - DEBUG: 2 train loss: 1.3177043199539185 acc: 0.71875
[line:119] - DEBUG: 2 train loss: 1.2671846151351929 acc: 0.78125
[line:119] - DEBUG: 2 train loss: 1.413769006729126 acc: 0.625
[line:119] - DEBUG: 2 train loss: 1.306307315826416 acc: 0.71875
[line:119] - DEBUG: 2 train loss: 1.2751598358154297 acc: 0.78125
[line:119] - DEBUG: 2 train loss: 1.3986620903015137 acc: 0.65625
[line:119] - DEBUG: 2 train loss: 1.2666488885879517 acc: 0.78125
[line:119] - DEBUG: 2 train loss: 1.3609752655029297 acc: 0.6875
[line:119] - DEBUG: 2 train loss: 1.3571524620056152 acc: 0.6875
[line:119] - DEBUG: 2 train loss: 1.260225772857666 acc: 0.78125
[line:119] - DEBUG: 2 train loss: 1.3232674598693848 acc: 0.71875
[line:119] - DEBUG: 2 train loss: 1.3338348865509033 acc: 0.71875
[line:119] - DEBUG: 2 train loss: 1.298335313796997 acc: 0.75
[line:119] - DEBUG: 2 train loss: 1.2538219690322876 acc: 0.78125
[line:119] - DEBUG: 2 train loss: 1.5741239786148071 acc: 0.46875
[line:119] - DEBUG: 2 train loss: 1.4448984861373901 acc: 0.59375
[line:119] - DEBUG: 2 train loss: 1.3611998558044434 acc: 0.65625
[line:119] - DEBUG: 2 train loss: 1.3646196126937866 acc: 0.6875
[line:119] - DEBUG: 2 train loss: 1.3271185159683228 acc: 0.71875
[line:119] - DEBUG: 2 train loss: 1.3050329685211182 acc: 0.75
[line:119] - DEBUG: 2 train loss: 1.480006217956543 acc: 0.5625
[line:119] - DEBUG: 2 train loss: 1.2993452548980713 acc: 0.75
[line:119] - DEBUG: 2 train loss: 1.3031419515609741 acc: 0.75
[line:119] - DEBUG: 2 train loss: 1.200804352760315 acc: 0.84375
[line:119] - DEBUG: 2 train loss: 1.4011483192443848 acc: 0.65625
[line:119] - DEBUG: 2 train loss: 1.257845401763916 acc: 0.78125
[line:119] - DEBUG: 2 train loss: 1.4144818782806396 acc: 0.625
[line:119] - DEBUG: 2 train loss: 1.2764681577682495 acc: 0.75
[line:119] - DEBUG: 2 train loss: 1.298180341720581 acc: 0.75
[line:119] - DEBUG: 2 train loss: 1.3867374658584595 acc: 0.65625
[line:119] - DEBUG: 2 train loss: 1.5092859268188477 acc: 0.5
[line:119] - DEBUG: 2 train loss: 1.3410030603408813 acc: 0.71875
[line:119] - DEBUG: 2 train loss: 1.2679011821746826 acc: 0.78125
[line:119] - DEBUG: 2 train loss: 1.3307037353515625 acc: 0.71875
[line:119] - DEBUG: 2 train loss: 1.269952416419983 acc: 0.78125
[line:119] - DEBUG: 2 train loss: 1.36617910861969 acc: 0.6875
[line:119] - DEBUG: 2 train loss: 1.3572242259979248 acc: 0.6875
[line:119] - DEBUG: 2 train loss: 1.3460772037506104 acc: 0.6875
[line:119] - DEBUG: 2 train loss: 1.4146255254745483 acc: 0.625
[line:119] - DEBUG: 2 train loss: 1.2003796100616455 acc: 0.84375
[line:119] - DEBUG: 2 train loss: 1.3422868251800537 acc: 0.6875
[line:119] - DEBUG: 2 train loss: 1.3194515705108643 acc: 0.71875
[line:119] - DEBUG: 2 train loss: 1.4516713619232178 acc: 0.59375
[line:119] - DEBUG: 2 train loss: 1.5783147811889648 acc: 0.46875
[line:119] - DEBUG: 2 train loss: 1.429153323173523 acc: 0.59375
[line:119] - DEBUG: 2 train loss: 1.4007638692855835 acc: 0.625
[line:119] - DEBUG: 2 train loss: 1.4524482488632202 acc: 0.6000000000000001
[line:126] - DEBUG: train Loss: 1.3593 Acc: 0.6844
[line:119] - DEBUG: 2 val loss: 1.2853143215179443 acc: 0.7666666666666666
[line:119] - DEBUG: 2 val loss: 1.2717936038970947 acc: 0.7833333333333333
[line:119] - DEBUG: 2 val loss: 1.3279181718826294 acc: 0.7166666666666667
[line:119] - DEBUG: 2 val loss: 1.4032362699508667 acc: 0.6333333333333333
[line:119] - DEBUG: 2 val loss: 1.421008825302124 acc: 0.6166666666666667
[line:119] - DEBUG: 2 val loss: 1.5429131984710693 acc: 0.5
[line:126] - DEBUG: val Loss: 1.3471 Acc: 0.6981
[line:119] - DEBUG: 3 train loss: 1.237741470336914 acc: 0.8125
[line:119] - DEBUG: 3 train loss: 1.4235340356826782 acc: 0.625
[line:119] - DEBUG: 3 train loss: 1.4281131029129028 acc: 0.625
[line:119] - DEBUG: 3 train loss: 1.325514316558838 acc: 0.71875
[line:119] - DEBUG: 3 train loss: 1.4175000190734863 acc: 0.625
[line:119] - DEBUG: 3 train loss: 1.3204265832901 acc: 0.71875
[line:119] - DEBUG: 3 train loss: 1.1329083442687988 acc: 0.90625
[line:119] - DEBUG: 3 train loss: 1.3570780754089355 acc: 0.6875
[line:119] - DEBUG: 3 train loss: 1.2923704385757446 acc: 0.75
[line:119] - DEBUG: 3 train loss: 1.4106431007385254 acc: 0.625
[line:119] - DEBUG: 3 train loss: 1.407012701034546 acc: 0.625
[line:119] - DEBUG: 3 train loss: 1.3126373291015625 acc: 0.71875
[line:119] - DEBUG: 3 train loss: 1.3785881996154785 acc: 0.65625
[line:119] - DEBUG: 3 train loss: 1.5150885581970215 acc: 0.53125
[line:119] - DEBUG: 3 train loss: 1.2962610721588135 acc: 0.75
[line:119] - DEBUG: 3 train loss: 1.4045597314834595 acc: 0.625
[line:119] - DEBUG: 3 train loss: 1.3478844165802002 acc: 0.6875
[line:119] - DEBUG: 3 train loss: 1.3196007013320923 acc: 0.71875
[line:119] - DEBUG: 3 train loss: 1.38237726688385 acc: 0.65625
[line:119] - DEBUG: 3 train loss: 1.3533481359481812 acc: 0.6875
[line:119] - DEBUG: 3 train loss: 1.3520528078079224 acc: 0.6875
[line:119] - DEBUG: 3 train loss: 1.4613460302352905 acc: 0.59375
[line:119] - DEBUG: 3 train loss: 1.2640609741210938 acc: 0.78125
[line:119] - DEBUG: 3 train loss: 1.322265625 acc: 0.71875
[line:119] - DEBUG: 3 train loss: 1.316571593284607 acc: 0.71875
[line:119] - DEBUG: 3 train loss: 1.388249158859253 acc: 0.65625
[line:119] - DEBUG: 3 train loss: 1.2883007526397705 acc: 0.75
[line:119] - DEBUG: 3 train loss: 1.2398737668991089 acc: 0.8125
[line:119] - DEBUG: 3 train loss: 1.3537734746932983 acc: 0.6875
[line:119] - DEBUG: 3 train loss: 1.2516398429870605 acc: 0.78125
[line:119] - DEBUG: 3 train loss: 1.3561848402023315 acc: 0.6875
[line:119] - DEBUG: 3 train loss: 1.4354385137557983 acc: 0.59375
[line:119] - DEBUG: 3 train loss: 1.3934495449066162 acc: 0.65625
[line:119] - DEBUG: 3 train loss: 1.3939584493637085 acc: 0.65625
[line:119] - DEBUG: 3 train loss: 1.385380506515503 acc: 0.65625
[line:119] - DEBUG: 3 train loss: 1.363173007965088 acc: 0.6875
[line:119] - DEBUG: 3 train loss: 1.395366907119751 acc: 0.65625
[line:119] - DEBUG: 3 train loss: 1.2301338911056519 acc: 0.8125
[line:119] - DEBUG: 3 train loss: 1.3892748355865479 acc: 0.625
[line:119] - DEBUG: 3 train loss: 1.2693535089492798 acc: 0.78125
[line:119] - DEBUG: 3 train loss: 1.356738567352295 acc: 0.65625
[line:119] - DEBUG: 3 train loss: 1.2801799774169922 acc: 0.78125
[line:119] - DEBUG: 3 train loss: 1.2369725704193115 acc: 0.8125
[line:119] - DEBUG: 3 train loss: 1.2332003116607666 acc: 0.8125
[line:119] - DEBUG: 3 train loss: 1.3423928022384644 acc: 0.6875
[line:119] - DEBUG: 3 train loss: 1.3394389152526855 acc: 0.6875
[line:119] - DEBUG: 3 train loss: 1.293367624282837 acc: 0.75
[line:119] - DEBUG: 3 train loss: 1.3224208354949951 acc: 0.71875
[line:119] - DEBUG: 3 train loss: 1.3288065195083618 acc: 0.71875
[line:119] - DEBUG: 3 train loss: 1.5238627195358276 acc: 0.5
[line:119] - DEBUG: 3 train loss: 1.3251252174377441 acc: 0.71875
[line:119] - DEBUG: 3 train loss: 1.2903470993041992 acc: 0.75
[line:119] - DEBUG: 3 train loss: 1.414802074432373 acc: 0.625
[line:119] - DEBUG: 3 train loss: 1.263100028038025 acc: 0.78125
[line:119] - DEBUG: 3 train loss: 1.379537582397461 acc: 0.65625
[line:119] - DEBUG: 3 train loss: 1.3592251539230347 acc: 0.6875
[line:119] - DEBUG: 3 train loss: 1.4018888473510742 acc: 0.625
[line:119] - DEBUG: 3 train loss: 1.1640876531600952 acc: 0.875
[line:119] - DEBUG: 3 train loss: 1.3042564392089844 acc: 0.75
[line:119] - DEBUG: 3 train loss: 1.417654037475586 acc: 0.625
[line:119] - DEBUG: 3 train loss: 1.3001154661178589 acc: 0.75
[line:119] - DEBUG: 3 train loss: 1.3068500757217407 acc: 0.75
[line:119] - DEBUG: 3 train loss: 1.5065267086029053 acc: 0.53125
[line:119] - DEBUG: 3 train loss: 1.3138923645019531 acc: 0.71875
[line:119] - DEBUG: 3 train loss: 1.619392991065979 acc: 0.4375
[line:119] - DEBUG: 3 train loss: 1.4137415885925293 acc: 0.625
[line:119] - DEBUG: 3 train loss: 1.328444242477417 acc: 0.71875
[line:119] - DEBUG: 3 train loss: 1.3361451625823975 acc: 0.7000000000000001
[line:126] - DEBUG: train Loss: 1.3473 Acc: 0.6941
[line:119] - DEBUG: 3 val loss: 1.3401886224746704 acc: 0.7
[line:119] - DEBUG: 3 val loss: 1.3490692377090454 acc: 0.7
[line:119] - DEBUG: 3 val loss: 1.2944062948226929 acc: 0.75
[line:119] - DEBUG: 3 val loss: 1.315390944480896 acc: 0.7333333333333333
[line:119] - DEBUG: 3 val loss: 1.3607404232025146 acc: 0.6833333333333333
[line:119] - DEBUG: 3 val loss: 1.4161109924316406 acc: 0.625
[line:126] - DEBUG: val Loss: 1.3341 Acc: 0.7110
[line:119] - DEBUG: 4 train loss: 1.3414347171783447 acc: 0.6875
[line:119] - DEBUG: 4 train loss: 1.325245976448059 acc: 0.71875
[line:119] - DEBUG: 4 train loss: 1.3213603496551514 acc: 0.71875
[line:119] - DEBUG: 4 train loss: 1.4199186563491821 acc: 0.625
[line:119] - DEBUG: 4 train loss: 1.2691627740859985 acc: 0.78125
[line:119] - DEBUG: 4 train loss: 1.3506474494934082 acc: 0.6875
[line:119] - DEBUG: 4 train loss: 1.3241827487945557 acc: 0.71875
[line:119] - DEBUG: 4 train loss: 1.2306196689605713 acc: 0.8125
[line:119] - DEBUG: 4 train loss: 1.3555136919021606 acc: 0.6875
[line:119] - DEBUG: 4 train loss: 1.3508027791976929 acc: 0.6875
[line:119] - DEBUG: 4 train loss: 1.2937949895858765 acc: 0.75
[line:119] - DEBUG: 4 train loss: 1.1757915019989014 acc: 0.875
[line:119] - DEBUG: 4 train loss: 1.2355775833129883 acc: 0.8125
[line:119] - DEBUG: 4 train loss: 1.5335259437561035 acc: 0.46875
[line:119] - DEBUG: 4 train loss: 1.2241911888122559 acc: 0.8125
[line:119] - DEBUG: 4 train loss: 1.2871524095535278 acc: 0.75
[line:119] - DEBUG: 4 train loss: 1.47610342502594 acc: 0.5625
[line:119] - DEBUG: 4 train loss: 1.4074348211288452 acc: 0.625
[line:119] - DEBUG: 4 train loss: 1.323705792427063 acc: 0.71875
[line:119] - DEBUG: 4 train loss: 1.2428998947143555 acc: 0.8125
[line:119] - DEBUG: 4 train loss: 1.2722446918487549 acc: 0.78125
[line:119] - DEBUG: 4 train loss: 1.3536045551300049 acc: 0.6875
[line:119] - DEBUG: 4 train loss: 1.283963680267334 acc: 0.75
[line:119] - DEBUG: 4 train loss: 1.3599505424499512 acc: 0.6875
[line:119] - DEBUG: 4 train loss: 1.3279547691345215 acc: 0.71875
[line:119] - DEBUG: 4 train loss: 1.29875910282135 acc: 0.75
